2025-12-20 02:26:52.590 [info] [main] Log level: Info
2025-12-20 02:26:52.590 [info] [main] Validating found git in: "git"
2025-12-20 02:26:52.590 [info] [main] Using git "2.52.0" from "git"
2025-12-20 02:26:52.590 [info] [Model][doInitialScan] Initial repository scan started
2025-12-20 02:26:52.590 [info] > git rev-parse --show-toplevel [10ms]
2025-12-20 02:26:52.590 [info] > git rev-parse --git-dir --git-common-dir --show-superproject-working-tree [4ms]
2025-12-20 02:26:52.590 [info] [Model][openRepository] Opened repository (path): /home/shane/.config
2025-12-20 02:26:52.590 [info] [Model][openRepository] Opened repository (real path): /home/shane/.config
2025-12-20 02:26:52.590 [info] [Model][openRepository] Opened repository (kind): repository
2025-12-20 02:26:52.590 [info] > git config --get commit.template [2ms]
2025-12-20 02:26:52.590 [info] > git for-each-ref --format=%(refname)%00%(upstream:short)%00%(objectname)%00%(upstream:track)%00%(upstream:remotename)%00%(upstream:remoteref) refs/heads/main refs/remotes/main [1ms]
2025-12-20 02:26:52.590 [info] > git for-each-ref --sort -committerdate --format %(refname)%00%(objectname)%00%(*objectname) [2ms]
2025-12-20 02:26:52.590 [info] > git rev-parse --show-toplevel [1ms]
2025-12-20 02:26:52.600 [info] > git status -z -uall [20ms]
2025-12-20 02:26:52.601 [info] > git rev-parse --show-toplevel [8ms]
2025-12-20 02:26:52.646 [info] > git for-each-ref --format=%(refname)%00%(upstream:short)%00%(objectname)%00%(upstream:track)%00%(upstream:remotename)%00%(upstream:remoteref) refs/heads/main refs/remotes/main [28ms]
2025-12-20 02:26:52.655 [info] > git config --get --local branch.main.vscode-merge-base [5ms]
2025-12-20 02:26:52.659 [info] > git config --get commit.template [13ms]
2025-12-20 02:26:52.659 [info] > git rev-parse --show-toplevel [15ms]
2025-12-20 02:26:52.671 [info] > git for-each-ref --format=%(refname)%00%(upstream:short)%00%(objectname)%00%(upstream:track)%00%(upstream:remotename)%00%(upstream:remoteref) refs/heads/origin/main refs/remotes/origin/main [13ms]
2025-12-20 02:26:52.679 [info] > git rev-parse --show-toplevel [8ms]
2025-12-20 02:26:52.682 [info] > git for-each-ref --format=%(refname)%00%(upstream:short)%00%(objectname)%00%(upstream:track)%00%(upstream:remotename)%00%(upstream:remoteref) refs/heads/main refs/remotes/main [4ms]
2025-12-20 02:26:52.682 [info] > git merge-base refs/heads/main refs/remotes/origin/main [7ms]
2025-12-20 02:26:52.686 [info] > git rev-parse --show-toplevel [4ms]
2025-12-20 02:26:52.690 [info] > git diff --name-status -z --diff-filter=ADMR --find-renames=50% c71244f57345d97e0ac6923bf4d1458efda39e1a...refs/remotes/origin/main -- [4ms]
2025-12-20 02:26:52.697 [info] > git rev-parse --show-toplevel [8ms]
2025-12-20 02:26:52.701 [info] > git for-each-ref --sort -committerdate --format %(refname)%00%(objectname)%00%(*objectname) [4ms]
2025-12-20 02:26:52.702 [info] > git rev-parse --show-toplevel [1ms]
2025-12-20 02:26:52.706 [info] > git rev-parse --show-toplevel [2ms]
2025-12-20 02:26:52.709 [info] > git rev-parse --show-toplevel [1ms]
2025-12-20 02:26:52.713 [info] > git status -z -uall [20ms]
2025-12-20 02:26:52.716 [info] > git rev-parse --show-toplevel [4ms]
2025-12-20 02:26:52.722 [info] > git rev-parse --show-toplevel [2ms]
2025-12-20 02:26:52.726 [info] > git rev-parse --show-toplevel [1ms]
2025-12-20 02:26:52.738 [info] > git rev-parse --show-toplevel [10ms]
2025-12-20 02:26:52.742 [info] > git rev-parse --show-toplevel [2ms]
2025-12-20 02:26:52.746 [info] > git rev-parse --show-toplevel [1ms]
2025-12-20 02:26:52.750 [info] > git rev-parse --show-toplevel [1ms]
2025-12-20 02:26:52.755 [info] > git rev-parse --show-toplevel [1ms]
2025-12-20 02:26:52.759 [info] > git rev-parse --show-toplevel [1ms]
2025-12-20 02:26:52.760 [info] [Model][doInitialScan] Initial repository scan completed - repositories (1), closed repositories (0), parent repositories (0), unsafe repositories (0)
2025-12-20 02:26:53.050 [info] > git show --textconv :kate-externaltoolspluginrc [9ms]
2025-12-20 02:26:53.051 [info] > git ls-files --stage -- kate-externaltoolspluginrc [2ms]
2025-12-20 02:26:53.061 [info] > git cat-file -s f32343da48150776961859ad56397264053a84b5 [3ms]
2025-12-20 02:26:53.083 [info] > git check-ignore -v -z --stdin [3ms]
2025-12-20 02:26:56.320 [info] > git config --get commit.template [4ms]
2025-12-20 02:26:56.321 [info] > git for-each-ref --format=%(refname)%00%(upstream:short)%00%(objectname)%00%(upstream:track)%00%(upstream:remotename)%00%(upstream:remoteref) refs/heads/main refs/remotes/main [2ms]
2025-12-20 02:26:56.328 [info] > git for-each-ref --sort -committerdate --format %(refname)%00%(objectname)%00%(*objectname) [2ms]
2025-12-20 02:26:56.341 [info] > git status -z -uall [17ms]
2025-12-20 02:27:00.269 [info] > git check-ignore -v -z --stdin [1ms]
2025-12-20 02:27:00.581 [info] > git log --format=%H%n%aN%n%aE%n%at%n%ct%n%P%n%D%n%B -z --shortstat --diff-merges=first-parent -n50 --skip=0 --topo-order --decorate=full --stdin [920ms]
2025-12-20 02:27:01.371 [info] > git config --get commit.template [13ms]
2025-12-20 02:27:01.375 [info] > git for-each-ref --format=%(refname)%00%(upstream:short)%00%(objectname)%00%(upstream:track)%00%(upstream:remotename)%00%(upstream:remoteref) refs/heads/main refs/remotes/main [6ms]
2025-12-20 02:27:01.404 [info] > git for-each-ref --sort -committerdate --format %(refname)%00%(objectname)%00%(*objectname) [6ms]
2025-12-20 02:27:01.433 [info] > git status -z -uall [46ms]
2025-12-20 02:27:01.629 [info] > git merge-base main origin/main [1ms]
2025-12-20 02:27:03.753 [info] > git check-ignore -v -z --stdin [1ms]
2025-12-20 02:27:15.108 [info] > git config --get commit.template [4ms]
2025-12-20 02:27:15.109 [info] > git for-each-ref --format=%(refname)%00%(upstream:short)%00%(objectname)%00%(upstream:track)%00%(upstream:remotename)%00%(upstream:remoteref) refs/heads/main refs/remotes/main [1ms]
2025-12-20 02:27:15.119 [info] > git for-each-ref --sort -committerdate --format %(refname)%00%(objectname)%00%(*objectname) [1ms]
2025-12-20 02:27:15.135 [info] > git status -z -uall [22ms]
2025-12-20 02:27:19.821 [info] > git diff --name-status -z --diff-filter=ADMR --find-renames=50% 56d01bc7fd12b3677514ed003b2a5de4eb6260ec...c71244f57345d97e0ac6923bf4d1458efda39e1a -- [7ms]
2025-12-20 02:27:20.165 [info] > git config --get commit.template [13ms]
2025-12-20 02:27:20.170 [info] > git for-each-ref --format=%(refname)%00%(upstream:short)%00%(objectname)%00%(upstream:track)%00%(upstream:remotename)%00%(upstream:remoteref) refs/heads/main refs/remotes/main [6ms]
2025-12-20 02:27:20.187 [info] > git for-each-ref --sort -committerdate --format %(refname)%00%(objectname)%00%(*objectname) [1ms]
2025-12-20 02:27:20.200 [info] > git status -z -uall [18ms]
2025-12-20 02:27:20.382 [info] > git check-ignore -v -z --stdin [2ms]
2025-12-20 02:27:20.900 [info] > git check-ignore -v -z --stdin [1ms]
2025-12-20 02:27:25.215 [info] > git config --get commit.template [4ms]
2025-12-20 02:27:25.216 [info] > git for-each-ref --format=%(refname)%00%(upstream:short)%00%(objectname)%00%(upstream:track)%00%(upstream:remotename)%00%(upstream:remoteref) refs/heads/main refs/remotes/main [2ms]
2025-12-20 02:27:25.224 [info] > git for-each-ref --sort -committerdate --format %(refname)%00%(objectname)%00%(*objectname) [1ms]
2025-12-20 02:27:25.238 [info] > git status -z -uall [19ms]
2025-12-20 02:27:30.265 [info] > git config --get commit.template [13ms]
2025-12-20 02:27:30.266 [info] > git for-each-ref --format=%(refname)%00%(upstream:short)%00%(objectname)%00%(upstream:track)%00%(upstream:remotename)%00%(upstream:remoteref) refs/heads/main refs/remotes/main [2ms]
2025-12-20 02:27:30.274 [info] > git for-each-ref --sort -committerdate --format %(refname)%00%(objectname)%00%(*objectname) [1ms]
2025-12-20 02:27:30.288 [info] > git status -z -uall [18ms]
2025-12-20 02:27:35.304 [info] > git config --get commit.template [3ms]
2025-12-20 02:27:35.305 [info] > git for-each-ref --format=%(refname)%00%(upstream:short)%00%(objectname)%00%(upstream:track)%00%(upstream:remotename)%00%(upstream:remoteref) refs/heads/main refs/remotes/main [1ms]
2025-12-20 02:27:35.312 [info] > git for-each-ref --sort -committerdate --format %(refname)%00%(objectname)%00%(*objectname) [1ms]
2025-12-20 02:27:35.326 [info] > git status -z -uall [18ms]
2025-12-20 02:27:43.301 [info] > git config --get commit.template [3ms]
2025-12-20 02:27:43.302 [info] > git for-each-ref --format=%(refname)%00%(upstream:short)%00%(objectname)%00%(upstream:track)%00%(upstream:remotename)%00%(upstream:remoteref) refs/heads/main refs/remotes/main [1ms]
2025-12-20 02:27:43.309 [info] > git for-each-ref --sort -committerdate --format %(refname)%00%(objectname)%00%(*objectname) [1ms]
2025-12-20 02:27:43.322 [info] > git status -z -uall [17ms]
2025-12-20 02:27:44.019 [info] > git check-ignore -v -z --stdin [4ms]
