2025-12-20 02:17:49.407 [info] [main] Log level: Info
2025-12-20 02:17:49.407 [info] [main] Validating found git in: "git"
2025-12-20 02:17:49.407 [info] [main] Using git "2.52.0" from "git"
2025-12-20 02:17:49.407 [info] [Model][doInitialScan] Initial repository scan started
2025-12-20 02:17:49.407 [info] [Model][doInitialScan] Initial repository scan completed - repositories (0), closed repositories (0), parent repositories (0), unsafe repositories (0)
2025-12-20 02:18:20.156 [info] [main] Log level: Info
2025-12-20 02:18:20.156 [info] [main] Validating found git in: "git"
2025-12-20 02:18:20.156 [info] [main] Using git "2.52.0" from "git"
2025-12-20 02:18:20.156 [info] [Model][doInitialScan] Initial repository scan started
2025-12-20 02:18:20.156 [info] > git rev-parse --show-toplevel [21ms]
2025-12-20 02:18:20.161 [info] > git rev-parse --git-dir --git-common-dir --show-superproject-working-tree [2ms]
2025-12-20 02:18:20.169 [info] [Model][openRepository] Opened repository (path): /home/shane/.config
2025-12-20 02:18:20.169 [info] [Model][openRepository] Opened repository (real path): /home/shane/.config
2025-12-20 02:18:20.169 [info] [Model][openRepository] Opened repository (kind): repository
2025-12-20 02:18:20.176 [info] > git config --get commit.template [2ms]
2025-12-20 02:18:20.181 [info] > git for-each-ref --format=%(refname)%00%(upstream:short)%00%(objectname)%00%(upstream:track)%00%(upstream:remotename)%00%(upstream:remoteref) refs/heads/main refs/remotes/main [2ms]
2025-12-20 02:18:20.188 [info] > git rev-parse --show-toplevel [3ms]
2025-12-20 02:18:20.235 [info] > git rev-parse --show-toplevel [18ms]
2025-12-20 02:18:20.239 [info] > git for-each-ref --sort -committerdate --format %(refname)%00%(objectname)%00%(*objectname) [4ms]
2025-12-20 02:18:20.241 [info] > git rev-parse --show-toplevel [2ms]
2025-12-20 02:18:20.245 [info] > git rev-parse --show-toplevel [1ms]
2025-12-20 02:18:20.249 [info] > git rev-parse --show-toplevel [1ms]
2025-12-20 02:18:20.252 [info] > git rev-parse --show-toplevel [1ms]
2025-12-20 02:18:20.255 [info] > git rev-parse --show-toplevel [0ms]
2025-12-20 02:18:20.259 [info] > git rev-parse --show-toplevel [1ms]
2025-12-20 02:18:20.262 [info] > git rev-parse --show-toplevel [1ms]
2025-12-20 02:18:20.265 [info] > git rev-parse --show-toplevel [1ms]
2025-12-20 02:18:20.268 [info] > git rev-parse --show-toplevel [1ms]
2025-12-20 02:18:20.272 [info] > git rev-parse --show-toplevel [1ms]
2025-12-20 02:18:20.275 [info] > git rev-parse --show-toplevel [1ms]
2025-12-20 02:18:20.279 [info] > git rev-parse --show-toplevel [1ms]
2025-12-20 02:18:20.282 [info] > git rev-parse --show-toplevel [0ms]
2025-12-20 02:18:20.286 [info] > git rev-parse --show-toplevel [1ms]
2025-12-20 02:18:20.289 [info] > git rev-parse --show-toplevel [1ms]
2025-12-20 02:18:20.292 [info] > git rev-parse --show-toplevel [1ms]
2025-12-20 02:18:20.292 [info] [Model][doInitialScan] Initial repository scan completed - repositories (1), closed repositories (0), parent repositories (0), unsafe repositories (0)
2025-12-20 02:18:20.329 [info] > git status -z -uall [98ms]
2025-12-20 02:18:20.352 [info] > git for-each-ref --format=%(refname)%00%(upstream:short)%00%(objectname)%00%(upstream:track)%00%(upstream:remotename)%00%(upstream:remoteref) refs/heads/main refs/remotes/main [4ms]
2025-12-20 02:18:20.358 [info] > git config --get --local branch.main.vscode-merge-base [3ms]
2025-12-20 02:18:20.358 [warning] [Git][config] git config failed: Failed to execute git
2025-12-20 02:18:20.361 [info] > git config --get commit.template [9ms]
2025-12-20 02:18:20.364 [info] > git reflog main --grep-reflog=branch: Created from *. [3ms]
2025-12-20 02:18:20.367 [info] > git for-each-ref --format=%(refname)%00%(upstream:short)%00%(objectname)%00%(upstream:track)%00%(upstream:remotename)%00%(upstream:remoteref) refs/heads/main refs/remotes/main [3ms]
2025-12-20 02:18:20.372 [info] > git symbolic-ref --short refs/remotes/origin/HEAD [6ms]
2025-12-20 02:18:20.374 [info] > git for-each-ref --sort -committerdate --format %(refname)%00%(objectname)%00%(*objectname) [2ms]
2025-12-20 02:18:20.375 [info] > git for-each-ref --format=%(refname)%00%(upstream:short)%00%(objectname)%00%(upstream:track)%00%(upstream:remotename)%00%(upstream:remoteref) refs/heads/origin/main refs/remotes/origin/main [1ms]
2025-12-20 02:18:20.378 [info] > git config --add --local branch.main.vscode-merge-base origin/main [1ms]
2025-12-20 02:18:20.383 [info] > git status -z -uall [14ms] (cancelled)
2025-12-20 02:18:20.386 [info] > git config --get commit.template [3ms]
2025-12-20 02:18:20.387 [info] > git for-each-ref --format=%(refname)%00%(upstream:short)%00%(objectname)%00%(upstream:track)%00%(upstream:remotename)%00%(upstream:remoteref) refs/heads/main refs/remotes/main [1ms]
2025-12-20 02:18:20.393 [info] > git for-each-ref --sort -committerdate --format %(refname)%00%(objectname)%00%(*objectname) [1ms]
2025-12-20 02:18:20.489 [info] > git status -z -uall [99ms]
2025-12-20 02:18:20.503 [info] > git merge-base refs/heads/main refs/remotes/origin/main [4ms]
2025-12-20 02:18:20.509 [info] > git diff --name-status -z --diff-filter=ADMR --find-renames=50% 32baf210f4d6c98dcbfb480797c6e2b97e5bbcdc...refs/remotes/origin/main -- [2ms]
2025-12-20 02:18:20.510 [info] > git merge-base refs/heads/main refs/remotes/origin/main [8ms]
2025-12-20 02:18:20.514 [info] > git diff --name-status -z --diff-filter=ADMR --find-renames=50% 32baf210f4d6c98dcbfb480797c6e2b97e5bbcdc...refs/remotes/origin/main -- [1ms]
2025-12-20 02:18:20.734 [info] > git check-ignore -v -z --stdin [9ms]
2025-12-20 02:18:23.442 [info] > git config --get commit.template [4ms]
2025-12-20 02:18:23.443 [info] > git for-each-ref --format=%(refname)%00%(upstream:short)%00%(objectname)%00%(upstream:track)%00%(upstream:remotename)%00%(upstream:remoteref) refs/heads/main refs/remotes/main [1ms]
2025-12-20 02:18:23.451 [info] > git for-each-ref --sort -committerdate --format %(refname)%00%(objectname)%00%(*objectname) [2ms]
2025-12-20 02:18:23.545 [info] > git status -z -uall [99ms]
2025-12-20 02:18:27.291 [info] > git show --textconv :.gitignore [3ms]
2025-12-20 02:18:27.292 [info] > git ls-files --stage -- .gitignore [1ms]
2025-12-20 02:18:27.298 [info] > git cat-file -s 27cb415dfec0acb7d94d58521f78c4bc36d6e623 [1ms]
2025-12-20 02:18:28.560 [info] > git config --get commit.template [3ms]
2025-12-20 02:18:28.561 [info] > git for-each-ref --format=%(refname)%00%(upstream:short)%00%(objectname)%00%(upstream:track)%00%(upstream:remotename)%00%(upstream:remoteref) refs/heads/main refs/remotes/main [1ms]
2025-12-20 02:18:28.569 [info] > git for-each-ref --sort -committerdate --format %(refname)%00%(objectname)%00%(*objectname) [2ms]
2025-12-20 02:18:28.661 [info] > git status -z -uall [96ms]
2025-12-20 02:18:29.143 [info] > git blame --root --incremental 32baf210f4d6c98dcbfb480797c6e2b97e5bbcdc -- .gitignore [2ms]
2025-12-20 02:18:33.675 [info] > git config --get commit.template [5ms]
2025-12-20 02:18:33.676 [info] > git for-each-ref --format=%(refname)%00%(upstream:short)%00%(objectname)%00%(upstream:track)%00%(upstream:remotename)%00%(upstream:remoteref) refs/heads/main refs/remotes/main [2ms]
2025-12-20 02:18:33.690 [info] > git for-each-ref --sort -committerdate --format %(refname)%00%(objectname)%00%(*objectname) [3ms]
2025-12-20 02:18:33.779 [info] > git status -z -uall [98ms]
2025-12-20 02:18:38.796 [info] > git config --get commit.template [3ms]
2025-12-20 02:18:38.797 [info] > git for-each-ref --format=%(refname)%00%(upstream:short)%00%(objectname)%00%(upstream:track)%00%(upstream:remotename)%00%(upstream:remoteref) refs/heads/main refs/remotes/main [1ms]
2025-12-20 02:18:38.804 [info] > git for-each-ref --sort -committerdate --format %(refname)%00%(objectname)%00%(*objectname) [2ms]
2025-12-20 02:18:38.891 [info] > git status -z -uall [91ms]
2025-12-20 02:18:43.922 [info] > git config --get commit.template [13ms]
2025-12-20 02:18:43.925 [info] > git for-each-ref --format=%(refname)%00%(upstream:short)%00%(objectname)%00%(upstream:track)%00%(upstream:remotename)%00%(upstream:remoteref) refs/heads/main refs/remotes/main [4ms]
2025-12-20 02:18:43.946 [info] > git for-each-ref --sort -committerdate --format %(refname)%00%(objectname)%00%(*objectname) [2ms]
2025-12-20 02:18:44.050 [info] > git status -z -uall [114ms]
2025-12-20 02:18:45.933 [info] > git log --format=%H%n%aN%n%aE%n%at%n%ct%n%P%n%D%n%B -z --shortstat --diff-merges=first-parent -n50 --skip=0 --topo-order --decorate=full --stdin [474ms]
2025-12-20 02:18:45.953 [info] > git merge-base main origin/main [2ms]
2025-12-20 02:18:46.076 [info] > git check-ignore -v -z --stdin [2ms]
2025-12-20 02:18:49.073 [info] > git config --get commit.template [6ms]
2025-12-20 02:18:49.074 [info] > git for-each-ref --format=%(refname)%00%(upstream:short)%00%(objectname)%00%(upstream:track)%00%(upstream:remotename)%00%(upstream:remoteref) refs/heads/main refs/remotes/main [1ms]
2025-12-20 02:18:49.082 [info] > git for-each-ref --sort -committerdate --format %(refname)%00%(objectname)%00%(*objectname) [2ms]
2025-12-20 02:18:49.175 [info] > git status -z -uall [98ms]
2025-12-20 02:18:54.197 [info] > git config --get commit.template [4ms]
2025-12-20 02:18:54.198 [info] > git for-each-ref --format=%(refname)%00%(upstream:short)%00%(objectname)%00%(upstream:track)%00%(upstream:remotename)%00%(upstream:remoteref) refs/heads/main refs/remotes/main [2ms]
2025-12-20 02:18:54.206 [info] > git for-each-ref --sort -committerdate --format %(refname)%00%(objectname)%00%(*objectname) [2ms]
2025-12-20 02:18:54.297 [info] > git status -z -uall [96ms]
2025-12-20 02:19:12.588 [info] > git config --get commit.template [7ms]
2025-12-20 02:19:12.588 [info] > git for-each-ref --format=%(refname)%00%(upstream:short)%00%(objectname)%00%(upstream:track)%00%(upstream:remotename)%00%(upstream:remoteref) refs/heads/main refs/remotes/main [1ms]
2025-12-20 02:19:12.599 [info] > git for-each-ref --sort -committerdate --format %(refname)%00%(objectname)%00%(*objectname) [2ms]
2025-12-20 02:19:12.692 [info] > git status -z -uall [100ms]
2025-12-20 02:19:45.204 [info] > git config --get commit.template [5ms]
2025-12-20 02:19:45.205 [info] > git for-each-ref --format=%(refname)%00%(upstream:short)%00%(objectname)%00%(upstream:track)%00%(upstream:remotename)%00%(upstream:remoteref) refs/heads/main refs/remotes/main [2ms]
2025-12-20 02:19:45.216 [info] > git for-each-ref --sort -committerdate --format %(refname)%00%(objectname)%00%(*objectname) [2ms]
2025-12-20 02:19:45.316 [info] > git status -z -uall [107ms]
2025-12-20 02:19:50.330 [info] > git config --get commit.template [4ms]
2025-12-20 02:19:50.331 [info] > git for-each-ref --format=%(refname)%00%(upstream:short)%00%(objectname)%00%(upstream:track)%00%(upstream:remotename)%00%(upstream:remoteref) refs/heads/main refs/remotes/main [2ms]
2025-12-20 02:19:50.343 [info] > git for-each-ref --sort -committerdate --format %(refname)%00%(objectname)%00%(*objectname) [2ms]
2025-12-20 02:19:50.454 [info] > git status -z -uall [118ms]
2025-12-20 02:19:55.482 [info] > git config --get commit.template [11ms]
2025-12-20 02:19:55.485 [info] > git for-each-ref --format=%(refname)%00%(upstream:short)%00%(objectname)%00%(upstream:track)%00%(upstream:remotename)%00%(upstream:remoteref) refs/heads/main refs/remotes/main [5ms]
2025-12-20 02:19:55.506 [info] > git for-each-ref --sort -committerdate --format %(refname)%00%(objectname)%00%(*objectname) [2ms]
2025-12-20 02:19:55.600 [info] > git status -z -uall [105ms]
2025-12-20 02:20:00.628 [info] > git config --get commit.template [13ms]
2025-12-20 02:20:00.631 [info] > git for-each-ref --format=%(refname)%00%(upstream:short)%00%(objectname)%00%(upstream:track)%00%(upstream:remotename)%00%(upstream:remoteref) refs/heads/main refs/remotes/main [5ms]
2025-12-20 02:20:00.652 [info] > git for-each-ref --sort -committerdate --format %(refname)%00%(objectname)%00%(*objectname) [1ms]
2025-12-20 02:20:00.745 [info] > git status -z -uall [104ms]
2025-12-20 02:20:05.760 [info] > git config --get commit.template [7ms]
2025-12-20 02:20:05.762 [info] > git for-each-ref --format=%(refname)%00%(upstream:short)%00%(objectname)%00%(upstream:track)%00%(upstream:remotename)%00%(upstream:remoteref) refs/heads/main refs/remotes/main [3ms]
2025-12-20 02:20:05.768 [info] > git for-each-ref --sort -committerdate --format %(refname)%00%(objectname)%00%(*objectname) [1ms]
2025-12-20 02:20:05.861 [info] > git status -z -uall [97ms]
2025-12-20 02:20:10.873 [info] > git config --get commit.template [3ms]
2025-12-20 02:20:10.874 [info] > git for-each-ref --format=%(refname)%00%(upstream:short)%00%(objectname)%00%(upstream:track)%00%(upstream:remotename)%00%(upstream:remoteref) refs/heads/main refs/remotes/main [2ms]
2025-12-20 02:20:10.880 [info] > git for-each-ref --sort -committerdate --format %(refname)%00%(objectname)%00%(*objectname) [1ms]
2025-12-20 02:20:10.977 [info] > git status -z -uall [101ms]
2025-12-20 02:20:15.992 [info] > git config --get commit.template [3ms]
2025-12-20 02:20:15.993 [info] > git for-each-ref --format=%(refname)%00%(upstream:short)%00%(objectname)%00%(upstream:track)%00%(upstream:remotename)%00%(upstream:remoteref) refs/heads/main refs/remotes/main [1ms]
2025-12-20 02:20:16.000 [info] > git for-each-ref --sort -committerdate --format %(refname)%00%(objectname)%00%(*objectname) [1ms]
2025-12-20 02:20:16.093 [info] > git status -z -uall [97ms]
2025-12-20 02:20:21.106 [info] > git config --get commit.template [3ms]
2025-12-20 02:20:21.107 [info] > git for-each-ref --format=%(refname)%00%(upstream:short)%00%(objectname)%00%(upstream:track)%00%(upstream:remotename)%00%(upstream:remoteref) refs/heads/main refs/remotes/main [1ms]
2025-12-20 02:20:21.113 [info] > git for-each-ref --sort -committerdate --format %(refname)%00%(objectname)%00%(*objectname) [1ms]
2025-12-20 02:20:21.207 [info] > git status -z -uall [98ms]
2025-12-20 02:20:26.221 [info] > git config --get commit.template [3ms]
2025-12-20 02:20:26.222 [info] > git for-each-ref --format=%(refname)%00%(upstream:short)%00%(objectname)%00%(upstream:track)%00%(upstream:remotename)%00%(upstream:remoteref) refs/heads/main refs/remotes/main [1ms]
2025-12-20 02:20:26.228 [info] > git for-each-ref --sort -committerdate --format %(refname)%00%(objectname)%00%(*objectname) [1ms]
2025-12-20 02:20:26.324 [info] > git status -z -uall [99ms]
2025-12-20 02:20:28.183 [info] > git check-ignore -v -z --stdin [2ms]
2025-12-20 02:20:31.340 [info] > git config --get commit.template [3ms]
2025-12-20 02:20:31.341 [info] > git for-each-ref --format=%(refname)%00%(upstream:short)%00%(objectname)%00%(upstream:track)%00%(upstream:remotename)%00%(upstream:remoteref) refs/heads/main refs/remotes/main [1ms]
2025-12-20 02:20:31.347 [info] > git for-each-ref --sort -committerdate --format %(refname)%00%(objectname)%00%(*objectname) [1ms]
2025-12-20 02:20:31.443 [info] > git status -z -uall [100ms]
2025-12-20 02:21:08.516 [info] > git config --get commit.template [5ms]
2025-12-20 02:21:08.517 [info] > git for-each-ref --format=%(refname)%00%(upstream:short)%00%(objectname)%00%(upstream:track)%00%(upstream:remotename)%00%(upstream:remoteref) refs/heads/main refs/remotes/main [1ms]
2025-12-20 02:21:08.525 [info] > git for-each-ref --sort -committerdate --format %(refname)%00%(objectname)%00%(*objectname) [1ms]
2025-12-20 02:21:08.625 [info] > git status -z -uall [104ms]
2025-12-20 02:21:32.352 [info] > git config --get commit.template [4ms]
2025-12-20 02:21:32.356 [info] > git for-each-ref --format=%(refname)%00%(upstream:short)%00%(objectname)%00%(upstream:track)%00%(upstream:remotename)%00%(upstream:remoteref) refs/heads/main refs/remotes/main [5ms]
2025-12-20 02:21:32.357 [info] > git ls-files --stage -- .gitignore [2ms]
2025-12-20 02:21:32.366 [info] > git cat-file -s 27cb415dfec0acb7d94d58521f78c4bc36d6e623 [6ms]
2025-12-20 02:21:32.367 [info] > git for-each-ref --sort -committerdate --format %(refname)%00%(objectname)%00%(*objectname) [1ms]
2025-12-20 02:21:32.372 [info] > git show --textconv :.gitignore [2ms]
2025-12-20 02:21:32.465 [info] > git status -z -uall [102ms]
2025-12-20 02:21:37.500 [info] > git config --get commit.template [13ms]
2025-12-20 02:21:37.503 [info] > git for-each-ref --format=%(refname)%00%(upstream:short)%00%(objectname)%00%(upstream:track)%00%(upstream:remotename)%00%(upstream:remoteref) refs/heads/main refs/remotes/main [5ms]
2025-12-20 02:21:37.529 [info] > git for-each-ref --sort -committerdate --format %(refname)%00%(objectname)%00%(*objectname) [4ms]
2025-12-20 02:21:37.644 [info] > git status -z -uall [129ms]
2025-12-20 02:21:38.423 [info] > git log --format=%H%n%aN%n%aE%n%at%n%ct%n%P%n%D%n%B -z --shortstat --diff-merges=first-parent -n50 --skip=0 --topo-order --decorate=full --stdin [450ms]
2025-12-20 02:21:38.432 [info] > git merge-base main origin/main [1ms]
2025-12-20 02:21:38.509 [info] > git check-ignore -v -z --stdin [1ms]
2025-12-20 02:21:42.664 [info] > git config --get commit.template [5ms]
2025-12-20 02:21:42.664 [info] > git for-each-ref --format=%(refname)%00%(upstream:short)%00%(objectname)%00%(upstream:track)%00%(upstream:remotename)%00%(upstream:remoteref) refs/heads/main refs/remotes/main [1ms]
2025-12-20 02:21:42.671 [info] > git for-each-ref --sort -committerdate --format %(refname)%00%(objectname)%00%(*objectname) [1ms]
2025-12-20 02:21:42.774 [info] > git status -z -uall [107ms]
2025-12-20 02:21:47.915 [info] > git add -A -- . [418ms]
2025-12-20 02:21:47.930 [info] > git -c user.useConfigOnly=true commit --quiet --allow-empty-message --file - [12ms]
2025-12-20 02:21:47.934 [info] > git config --get commit.template [1ms]
2025-12-20 02:21:47.942 [info] > git config --get commit.template [4ms]
2025-12-20 02:21:47.943 [info] > git for-each-ref --format=%(refname)%00%(upstream:short)%00%(objectname)%00%(upstream:track)%00%(upstream:remotename)%00%(upstream:remoteref) refs/heads/main refs/remotes/main [2ms]
2025-12-20 02:21:47.950 [info] > git for-each-ref --sort -committerdate --format %(refname)%00%(objectname)%00%(*objectname) [2ms]
2025-12-20 02:21:47.951 [info] > git status -z -uall [5ms]
2025-12-20 02:21:47.969 [info] > git merge-base refs/heads/main refs/remotes/origin/main [7ms]
2025-12-20 02:21:47.972 [info] > git blame --root --incremental e4878e617c1723bcd6c5a3acb31c665de3801e1b -- .gitignore [14ms]
2025-12-20 02:21:47.974 [info] > git diff --name-status -z --diff-filter=ADMR --find-renames=50% 32baf210f4d6c98dcbfb480797c6e2b97e5bbcdc...refs/remotes/origin/main -- [2ms]
2025-12-20 02:21:47.975 [info] > git config --get commit.template [7ms]
2025-12-20 02:21:47.982 [info] > git for-each-ref --format=%(refname)%00%(upstream:short)%00%(objectname)%00%(upstream:track)%00%(upstream:remotename)%00%(upstream:remoteref) refs/heads/main refs/remotes/main [4ms]
2025-12-20 02:21:47.992 [info] > git for-each-ref --sort -committerdate --format %(refname)%00%(objectname)%00%(*objectname) [2ms] (cancelled)
2025-12-20 02:21:47.999 [info] > git status -z -uall [14ms] (cancelled)
2025-12-20 02:21:47.999 [info] > git config --get commit.template [1ms]
2025-12-20 02:21:48.008 [info] > git for-each-ref --format=%(refname)%00%(upstream:short)%00%(objectname)%00%(upstream:track)%00%(upstream:remotename)%00%(upstream:remoteref) refs/heads/main refs/remotes/main [3ms]
2025-12-20 02:21:48.021 [info] > git for-each-ref --sort -committerdate --format %(refname)%00%(objectname)%00%(*objectname) [1ms]
2025-12-20 02:21:48.021 [info] > git status -z -uall [8ms]
2025-12-20 02:21:48.517 [info] > git log --format=%H%n%aN%n%aE%n%at%n%ct%n%P%n%D%n%B -z --shortstat --diff-merges=first-parent -n50 --skip=0 --topo-order --decorate=full --stdin [536ms]
2025-12-20 02:21:48.527 [info] > git merge-base main origin/main [1ms]
2025-12-20 02:21:48.647 [info] > git check-ignore -v -z --stdin [5ms]
2025-12-20 02:21:49.268 [info] > git ls-files --stage -- .gitignore [5ms]
2025-12-20 02:21:49.279 [info] > git cat-file -s 1b682a48504b389d33acc8bcb26c04b6d1570621 [2ms]
2025-12-20 02:21:49.283 [info] > git show --textconv :.gitignore [1ms]
2025-12-20 02:21:53.165 [info] > git config --get commit.template [4ms]
2025-12-20 02:21:53.167 [info] > git for-each-ref --format=%(refname)%00%(upstream:short)%00%(objectname)%00%(upstream:track)%00%(upstream:remotename)%00%(upstream:remoteref) refs/heads/main refs/remotes/main [2ms]
2025-12-20 02:21:53.175 [info] > git for-each-ref --sort -committerdate --format %(refname)%00%(objectname)%00%(*objectname) [2ms]
2025-12-20 02:21:53.208 [info] > git status -z -uall [38ms]
2025-12-20 02:21:53.848 [info] > git check-ignore -v -z --stdin [5ms]
2025-12-20 02:21:56.446 [info] > git add -A -- . [64ms]
2025-12-20 02:21:56.818 [info] > git show --textconv :.git/COMMIT_EDITMSG [8ms]
2025-12-20 02:21:56.828 [info] > git ls-files --stage -- .git/COMMIT_EDITMSG [11ms]
2025-12-20 02:21:56.836 [info] > git hash-object -t tree /dev/null [10ms]
2025-12-20 02:21:56.837 [warning] [GitFileSystemProvider][readFile] File not found - git:/home/shane/.config/.git/COMMIT_EDITMSG.git?%7B%22path%22%3A%22%2Fhome%2Fshane%2F.config%2F.git%2FCOMMIT_EDITMSG%22%2C%22ref%22%3A%22%22%7D
2025-12-20 02:21:56.841 [info] > git hash-object -t tree /dev/null [6ms]
2025-12-20 02:21:56.841 [warning] [GitFileSystemProvider][stat] File not found - git:/home/shane/.config/.git/COMMIT_EDITMSG.git?%7B%22path%22%3A%22%2Fhome%2Fshane%2F.config%2F.git%2FCOMMIT_EDITMSG%22%2C%22ref%22%3A%22%22%7D
2025-12-20 02:21:57.130 [info] > git check-ignore -v -z --stdin [2ms]
2025-12-20 02:22:06.701 [info] > git -c user.useConfigOnly=true commit --quiet [10252ms]
2025-12-20 02:22:06.701 [info] /bin/sh: warning: setlocale: LC_ALL: cannot change locale (en_US.UTF-8): No such file or directory
/bin/sh: warning: setlocale: LC_ALL: cannot change locale (en_US.UTF-8): No such file or directory
Aborting commit due to empty commit message.
2025-12-20 02:22:06.711 [info] > git config --get commit.template [5ms]
2025-12-20 02:22:06.711 [info] > git for-each-ref --format=%(refname)%00%(upstream:short)%00%(objectname)%00%(upstream:track)%00%(upstream:remotename)%00%(upstream:remoteref) refs/heads/main refs/remotes/main [2ms]
2025-12-20 02:22:06.720 [info] > git for-each-ref --sort -committerdate --format %(refname)%00%(objectname)%00%(*objectname) [1ms]
2025-12-20 02:22:06.757 [info] > git status -z -uall [42ms]
2025-12-20 02:22:07.103 [info] > git show --textconv :.gitignore [13ms]
2025-12-20 02:22:07.108 [info] > git ls-files --stage -- .gitignore [7ms]
2025-12-20 02:22:07.122 [info] > git cat-file -s 1b682a48504b389d33acc8bcb26c04b6d1570621 [5ms]
2025-12-20 02:22:08.074 [info] > git config --get commit.template [4ms]
2025-12-20 02:22:08.075 [info] > git for-each-ref --format=%(refname)%00%(upstream:short)%00%(objectname)%00%(upstream:track)%00%(upstream:remotename)%00%(upstream:remoteref) refs/heads/main refs/remotes/main [1ms]
2025-12-20 02:22:08.082 [info] > git for-each-ref --sort -committerdate --format %(refname)%00%(objectname)%00%(*objectname) [1ms]
2025-12-20 02:22:08.114 [info] > git status -z -uall [36ms]
2025-12-20 02:22:13.128 [info] > git config --get commit.template [5ms]
2025-12-20 02:22:13.128 [info] > git for-each-ref --format=%(refname)%00%(upstream:short)%00%(objectname)%00%(upstream:track)%00%(upstream:remotename)%00%(upstream:remoteref) refs/heads/main refs/remotes/main [1ms]
2025-12-20 02:22:13.136 [info] > git for-each-ref --sort -committerdate --format %(refname)%00%(objectname)%00%(*objectname) [1ms]
2025-12-20 02:22:13.170 [info] > git status -z -uall [38ms]
2025-12-20 02:22:15.212 [info] > git -c user.useConfigOnly=true commit --quiet --allow-empty-message --file - [61ms]
2025-12-20 02:22:15.215 [info] > git config --get commit.template [0ms]
2025-12-20 02:22:15.221 [info] > git config --get commit.template [1ms]
2025-12-20 02:22:15.225 [info] > git for-each-ref --format=%(refname)%00%(upstream:short)%00%(objectname)%00%(upstream:track)%00%(upstream:remotename)%00%(upstream:remoteref) refs/heads/main refs/remotes/main [2ms]
2025-12-20 02:22:15.232 [info] > git for-each-ref --sort -committerdate --format %(refname)%00%(objectname)%00%(*objectname) [2ms]
2025-12-20 02:22:15.264 [info] > git status -z -uall [36ms]
2025-12-20 02:22:15.274 [info] > git merge-base refs/heads/main refs/remotes/origin/main [2ms]
2025-12-20 02:22:15.277 [info] > git blame --root --incremental 56d01bc7fd12b3677514ed003b2a5de4eb6260ec -- .gitignore [8ms]
2025-12-20 02:22:15.279 [info] > git diff --name-status -z --diff-filter=ADMR --find-renames=50% 32baf210f4d6c98dcbfb480797c6e2b97e5bbcdc...refs/remotes/origin/main -- [2ms]
2025-12-20 02:22:15.297 [info] > git config --get commit.template [4ms]
2025-12-20 02:22:15.297 [info] > git for-each-ref --format=%(refname)%00%(upstream:short)%00%(objectname)%00%(upstream:track)%00%(upstream:remotename)%00%(upstream:remoteref) refs/heads/main refs/remotes/main [1ms]
2025-12-20 02:22:15.305 [info] > git for-each-ref --sort -committerdate --format %(refname)%00%(objectname)%00%(*objectname) [1ms]
2025-12-20 02:22:15.337 [info] > git status -z -uall [37ms]
2025-12-20 02:22:15.799 [info] > git log --format=%H%n%aN%n%aE%n%at%n%ct%n%P%n%D%n%B -z --shortstat --diff-merges=first-parent -n50 --skip=0 --topo-order --decorate=full --stdin [517ms]
2025-12-20 02:22:15.807 [info] > git merge-base main origin/main [1ms]
2025-12-20 02:22:15.965 [info] > git check-ignore -v -z --stdin [2ms]
2025-12-20 02:22:16.582 [info] > git ls-files --stage -- .gitignore [2ms]
2025-12-20 02:22:16.585 [info] > git cat-file -s 1b682a48504b389d33acc8bcb26c04b6d1570621 [1ms]
2025-12-20 02:22:16.590 [info] > git show --textconv :.gitignore [1ms]
2025-12-20 02:22:38.790 [info] > git config --get commit.template [5ms]
2025-12-20 02:22:38.791 [info] > git for-each-ref --format=%(refname)%00%(upstream:short)%00%(objectname)%00%(upstream:track)%00%(upstream:remotename)%00%(upstream:remoteref) refs/heads/main refs/remotes/main [2ms]
2025-12-20 02:22:38.802 [info] > git for-each-ref --sort -committerdate --format %(refname)%00%(objectname)%00%(*objectname) [1ms]
2025-12-20 02:22:38.908 [info] > git status -z -uall [110ms]
2025-12-20 02:22:39.556 [info] > git check-ignore -v -z --stdin [5ms]
2025-12-20 02:22:57.555 [info] > git config --get commit.template [5ms]
2025-12-20 02:22:57.559 [info] > git ls-files --stage -- .gitignore [5ms]
2025-12-20 02:22:57.562 [info] > git for-each-ref --format=%(refname)%00%(upstream:short)%00%(objectname)%00%(upstream:track)%00%(upstream:remotename)%00%(upstream:remoteref) refs/heads/main refs/remotes/main [3ms]
2025-12-20 02:22:57.570 [info] > git cat-file -s 1b682a48504b389d33acc8bcb26c04b6d1570621 [7ms]
2025-12-20 02:22:57.574 [info] > git for-each-ref --sort -committerdate --format %(refname)%00%(objectname)%00%(*objectname) [5ms]
2025-12-20 02:22:57.575 [info] > git show --textconv :.gitignore [2ms]
2025-12-20 02:22:57.593 [info] > git status -z -uall [26ms]
2025-12-20 02:22:58.417 [info] > git check-ignore -v -z --stdin [5ms]
2025-12-20 02:23:02.622 [info] > git config --get commit.template [4ms]
2025-12-20 02:23:02.624 [info] > git for-each-ref --format=%(refname)%00%(upstream:short)%00%(objectname)%00%(upstream:track)%00%(upstream:remotename)%00%(upstream:remoteref) refs/heads/main refs/remotes/main [2ms]
2025-12-20 02:23:02.631 [info] > git for-each-ref --sort -committerdate --format %(refname)%00%(objectname)%00%(*objectname) [1ms]
2025-12-20 02:23:02.649 [info] > git status -z -uall [22ms]
2025-12-20 02:23:07.676 [info] > git config --get commit.template [4ms]
2025-12-20 02:23:07.677 [info] > git for-each-ref --format=%(refname)%00%(upstream:short)%00%(objectname)%00%(upstream:track)%00%(upstream:remotename)%00%(upstream:remoteref) refs/heads/main refs/remotes/main [2ms]
2025-12-20 02:23:07.687 [info] > git for-each-ref --sort -committerdate --format %(refname)%00%(objectname)%00%(*objectname) [1ms]
2025-12-20 02:23:07.704 [info] > git status -z -uall [22ms]
2025-12-20 02:23:12.731 [info] > git config --get commit.template [4ms]
2025-12-20 02:23:12.732 [info] > git for-each-ref --format=%(refname)%00%(upstream:short)%00%(objectname)%00%(upstream:track)%00%(upstream:remotename)%00%(upstream:remoteref) refs/heads/main refs/remotes/main [1ms]
2025-12-20 02:23:12.742 [info] > git for-each-ref --sort -committerdate --format %(refname)%00%(objectname)%00%(*objectname) [2ms]
2025-12-20 02:23:12.760 [info] > git status -z -uall [23ms]
2025-12-20 02:23:17.563 [info] > git -c user.useConfigOnly=true commit --quiet --allow-empty-message --file - [18ms]
2025-12-20 02:23:17.568 [info] > git config --get commit.template [1ms]
2025-12-20 02:23:17.582 [info] > git config --get commit.template [5ms]
2025-12-20 02:23:17.585 [info] > git for-each-ref --format=%(refname)%00%(upstream:short)%00%(objectname)%00%(upstream:track)%00%(upstream:remotename)%00%(upstream:remoteref) refs/heads/main refs/remotes/main [4ms]
2025-12-20 02:23:17.596 [info] > git for-each-ref --sort -committerdate --format %(refname)%00%(objectname)%00%(*objectname) [2ms]
2025-12-20 02:23:17.606 [info] > git status -z -uall [17ms]
2025-12-20 02:23:17.625 [info] > git merge-base refs/heads/main refs/remotes/origin/main [8ms]
2025-12-20 02:23:17.631 [info] > git diff --name-status -z --diff-filter=ADMR --find-renames=50% 32baf210f4d6c98dcbfb480797c6e2b97e5bbcdc...refs/remotes/origin/main -- [2ms]
2025-12-20 02:23:18.225 [info] > git check-ignore -v -z --stdin [1ms]
2025-12-20 02:23:18.588 [info] > git log --format=%H%n%aN%n%aE%n%at%n%ct%n%P%n%D%n%B -z --shortstat --diff-merges=first-parent -n50 --skip=0 --topo-order --decorate=full --stdin [936ms]
2025-12-20 02:23:18.597 [info] > git merge-base main origin/main [1ms]
2025-12-20 02:25:35.035 [info] > git push origin main:main [137411ms]
2025-12-20 02:25:35.035 [info] /bin/sh: warning: setlocale: LC_ALL: cannot change locale (en_US.UTF-8): No such file or directory
/bin/sh: warning: setlocale: LC_ALL: cannot change locale (en_US.UTF-8): No such file or directory
/bin/sh: warning: setlocale: LC_ALL: cannot change locale (en_US.UTF-8): No such file or directory
/bin/sh: warning: setlocale: LC_ALL: cannot change locale (en_US.UTF-8): No such file or directory
To https://github.com/SavageAUS/archlinux-hypr-dots.git
   32baf21..c71244f  main -> main
2025-12-20 02:25:35.043 [info] > git config --get commit.template [4ms]
2025-12-20 02:25:35.044 [info] > git for-each-ref --format=%(refname)%00%(upstream:short)%00%(objectname)%00%(upstream:track)%00%(upstream:remotename)%00%(upstream:remoteref) refs/heads/main refs/remotes/main [1ms]
2025-12-20 02:25:35.054 [info] > git for-each-ref --sort -committerdate --format %(refname)%00%(objectname)%00%(*objectname) [1ms]
2025-12-20 02:25:35.065 [info] > git status -z -uall [17ms]
2025-12-20 02:25:35.075 [info] > git merge-base refs/heads/main refs/remotes/origin/main [2ms]
2025-12-20 02:25:35.086 [info] > git diff --name-status -z --diff-filter=ADMR --find-renames=50% c71244f57345d97e0ac6923bf4d1458efda39e1a...refs/remotes/origin/main -- [7ms]
2025-12-20 02:25:35.099 [info] > git config --get commit.template [6ms]
2025-12-20 02:25:35.099 [info] > git for-each-ref --format=%(refname)%00%(upstream:short)%00%(objectname)%00%(upstream:track)%00%(upstream:remotename)%00%(upstream:remoteref) refs/heads/main refs/remotes/main [1ms]
2025-12-20 02:25:35.112 [info] > git for-each-ref --sort -committerdate --format %(refname)%00%(objectname)%00%(*objectname) [2ms]
2025-12-20 02:25:35.122 [info] > git status -z -uall [17ms]
2025-12-20 02:25:35.742 [info] > git check-ignore -v -z --stdin [2ms]
2025-12-20 02:25:36.058 [info] > git log --format=%H%n%aN%n%aE%n%at%n%ct%n%P%n%D%n%B -z --shortstat --diff-merges=first-parent -n50 --skip=0 --topo-order --decorate=full --stdin [974ms]
2025-12-20 02:25:37.382 [info] > git merge-base main origin/main [2ms]
2025-12-20 02:25:37.871 [info] > git config --get commit.template [2ms]
2025-12-20 02:25:37.880 [info] > git for-each-ref --format=%(refname)%00%(upstream:short)%00%(objectname)%00%(upstream:track)%00%(upstream:remotename)%00%(upstream:remoteref) refs/heads/main refs/remotes/main [2ms]
2025-12-20 02:25:37.889 [info] > git for-each-ref --sort -committerdate --format %(refname)%00%(objectname)%00%(*objectname) [1ms]
2025-12-20 02:25:37.900 [info] > git status -z -uall [15ms]
2025-12-20 02:25:42.936 [info] > git config --get commit.template [16ms]
2025-12-20 02:25:42.941 [info] > git for-each-ref --format=%(refname)%00%(upstream:short)%00%(objectname)%00%(upstream:track)%00%(upstream:remotename)%00%(upstream:remoteref) refs/heads/main refs/remotes/main [6ms]
2025-12-20 02:25:42.965 [info] > git for-each-ref --sort -committerdate --format %(refname)%00%(objectname)%00%(*objectname) [3ms]
2025-12-20 02:25:42.985 [info] > git status -z -uall [32ms]
2025-12-20 02:26:12.172 [info] > git config --get commit.template [5ms]
2025-12-20 02:26:12.172 [info] > git for-each-ref --format=%(refname)%00%(upstream:short)%00%(objectname)%00%(upstream:track)%00%(upstream:remotename)%00%(upstream:remoteref) refs/heads/main refs/remotes/main [1ms]
2025-12-20 02:26:12.184 [info] > git for-each-ref --sort -committerdate --format %(refname)%00%(objectname)%00%(*objectname) [2ms]
2025-12-20 02:26:12.192 [info] > git status -z -uall [15ms]
2025-12-20 02:26:20.852 [info] > git config --get commit.template [2ms]
2025-12-20 02:26:20.860 [info] > git for-each-ref --format=%(refname)%00%(upstream:short)%00%(objectname)%00%(upstream:track)%00%(upstream:remotename)%00%(upstream:remoteref) refs/heads/main refs/remotes/main [2ms]
2025-12-20 02:26:20.874 [info] > git for-each-ref --sort -committerdate --format %(refname)%00%(objectname)%00%(*objectname) [2ms]
2025-12-20 02:26:20.885 [info] > git status -z -uall [19ms]
2025-12-20 02:26:25.899 [info] > git config --get commit.template [3ms]
2025-12-20 02:26:25.900 [info] > git for-each-ref --format=%(refname)%00%(upstream:short)%00%(objectname)%00%(upstream:track)%00%(upstream:remotename)%00%(upstream:remoteref) refs/heads/main refs/remotes/main [1ms]
2025-12-20 02:26:25.907 [info] > git for-each-ref --sort -committerdate --format %(refname)%00%(objectname)%00%(*objectname) [1ms]
2025-12-20 02:26:25.917 [info] > git status -z -uall [14ms]
2025-12-20 02:26:32.418 [info] > git config --get commit.template [6ms]
2025-12-20 02:26:32.419 [info] > git for-each-ref --format=%(refname)%00%(upstream:short)%00%(objectname)%00%(upstream:track)%00%(upstream:remotename)%00%(upstream:remoteref) refs/heads/main refs/remotes/main [1ms]
2025-12-20 02:26:32.430 [info] > git for-each-ref --sort -committerdate --format %(refname)%00%(objectname)%00%(*objectname) [2ms]
2025-12-20 02:26:32.445 [info] > git status -z -uall [21ms]
2025-12-20 02:26:36.305 [info] > git show --textconv :kate-externaltoolspluginrc [4ms]
2025-12-20 02:26:36.305 [info] > git ls-files --stage -- kate-externaltoolspluginrc [1ms]
2025-12-20 02:26:36.309 [info] > git cat-file -s f32343da48150776961859ad56397264053a84b5 [1ms]
2025-12-20 02:26:37.456 [info] > git config --get commit.template [4ms]
2025-12-20 02:26:37.457 [info] > git for-each-ref --format=%(refname)%00%(upstream:short)%00%(objectname)%00%(upstream:track)%00%(upstream:remotename)%00%(upstream:remoteref) refs/heads/main refs/remotes/main [1ms]
2025-12-20 02:26:37.467 [info] > git for-each-ref --sort -committerdate --format %(refname)%00%(objectname)%00%(*objectname) [1ms]
2025-12-20 02:26:37.477 [info] > git status -z -uall [15ms]
