2025-12-20 02:17:49.304 [info] Reading sessions from keychain...
2025-12-20 02:17:49.304 [info] Getting sessions for all scopes...
2025-12-20 02:17:49.304 [info] Got 0 sessions for ...
2025-12-20 02:17:49.304 [info] Getting sessions for all scopes...
2025-12-20 02:17:49.304 [info] Got 0 sessions for ...
2025-12-20 02:17:49.304 [info] Getting sessions for all scopes...
2025-12-20 02:17:49.304 [info] Got 0 sessions for ...
2025-12-20 02:17:49.304 [info] Getting sessions for all scopes...
2025-12-20 02:17:49.304 [info] Got 0 sessions for ...
2025-12-20 02:17:49.304 [info] Getting sessions for all scopes...
2025-12-20 02:17:49.304 [info] Got 0 sessions for ...
2025-12-20 02:17:49.304 [info] Getting sessions for all scopes...
2025-12-20 02:17:49.304 [info] Got 0 sessions for ...
2025-12-20 02:17:49.304 [info] Getting sessions for all scopes...
2025-12-20 02:17:49.304 [info] Got 0 sessions for ...
2025-12-20 02:17:49.304 [info] Getting sessions for all scopes...
2025-12-20 02:17:49.304 [info] Got 0 sessions for ...
2025-12-20 02:17:49.305 [info] Getting sessions for all scopes...
2025-12-20 02:17:49.305 [info] Got 0 sessions for ...
2025-12-20 02:17:49.305 [info] Getting sessions for all scopes...
2025-12-20 02:17:49.305 [info] Got 0 sessions for ...
2025-12-20 02:17:49.305 [info] Getting sessions for all scopes...
2025-12-20 02:17:49.305 [info] Got 0 sessions for ...
2025-12-20 02:17:49.305 [info] Getting sessions for all scopes...
2025-12-20 02:17:49.305 [info] Got 0 sessions for ...
2025-12-20 02:17:49.306 [info] Getting sessions for all scopes...
2025-12-20 02:17:49.306 [info] Got 0 sessions for ...
2025-12-20 02:17:49.306 [info] Getting sessions for all scopes...
2025-12-20 02:17:49.306 [info] Got 0 sessions for ...
2025-12-20 02:17:51.158 [info] Getting sessions for all scopes...
2025-12-20 02:17:51.158 [info] Got 0 sessions for ...
2025-12-20 02:18:17.585 [info] Reading sessions from keychain...
2025-12-20 02:18:17.585 [info] Getting sessions for all scopes...
2025-12-20 02:18:17.585 [info] Got 0 sessions for ...
2025-12-20 02:18:17.585 [info] Getting sessions for all scopes...
2025-12-20 02:18:17.585 [info] Got 0 sessions for ...
2025-12-20 02:18:17.585 [info] Getting sessions for all scopes...
2025-12-20 02:18:17.585 [info] Got 0 sessions for ...
2025-12-20 02:18:17.585 [info] Getting sessions for all scopes...
2025-12-20 02:18:17.585 [info] Got 0 sessions for ...
2025-12-20 02:18:17.585 [info] Getting sessions for all scopes...
2025-12-20 02:18:17.585 [info] Got 0 sessions for ...
2025-12-20 02:18:17.585 [info] Getting sessions for all scopes...
2025-12-20 02:18:17.585 [info] Got 0 sessions for ...
2025-12-20 02:18:17.585 [info] Getting sessions for all scopes...
2025-12-20 02:18:17.585 [info] Got 0 sessions for ...
2025-12-20 02:18:17.585 [info] Getting sessions for all scopes...
2025-12-20 02:18:17.585 [info] Got 0 sessions for ...
2025-12-20 02:18:17.585 [info] Getting sessions for all scopes...
2025-12-20 02:18:17.585 [info] Got 0 sessions for ...
2025-12-20 02:18:17.585 [info] Getting sessions for all scopes...
2025-12-20 02:18:17.585 [info] Got 0 sessions for ...
2025-12-20 02:18:17.585 [info] Getting sessions for all scopes...
2025-12-20 02:18:17.585 [info] Got 0 sessions for ...
2025-12-20 02:18:17.585 [info] Getting sessions for all scopes...
2025-12-20 02:18:17.585 [info] Got 0 sessions for ...
2025-12-20 02:18:17.585 [info] Getting sessions for all scopes...
2025-12-20 02:18:17.585 [info] Got 0 sessions for ...
2025-12-20 02:18:17.585 [info] Getting sessions for all scopes...
2025-12-20 02:18:17.585 [info] Got 0 sessions for ...
2025-12-20 02:18:17.585 [info] Getting sessions for all scopes...
2025-12-20 02:18:17.585 [info] Got 0 sessions for ...
2025-12-20 02:18:19.453 [info] Getting sessions for all scopes...
2025-12-20 02:18:19.453 [info] Got 0 sessions for ...
2025-12-20 02:18:20.361 [info] Getting sessions for read:user,repo,user:email,workflow...
2025-12-20 02:18:20.361 [info] Got 0 sessions for read:user,repo,user:email,workflow...
2025-12-20 02:18:45.935 [info] Getting sessions for read:user,repo,user:email,workflow...
2025-12-20 02:18:45.935 [info] Got 0 sessions for read:user,repo,user:email,workflow...
