2025-12-20 02:26:52.426 [info] Reading sessions from keychain...
2025-12-20 02:26:52.426 [info] Getting sessions for all scopes...
2025-12-20 02:26:52.426 [info] Got stored sessions!
2025-12-20 02:26:52.426 [info] Got 1 verified sessions.
2025-12-20 02:26:52.426 [info] Got 1 sessions for ...
2025-12-20 02:26:52.426 [info] Getting sessions for all scopes...
2025-12-20 02:26:52.426 [info] Got 1 sessions for ...
2025-12-20 02:26:52.426 [info] Getting sessions for all scopes...
2025-12-20 02:26:52.426 [info] Got 1 sessions for ...
2025-12-20 02:26:52.426 [info] Getting sessions for all scopes...
2025-12-20 02:26:52.426 [info] Got 1 sessions for ...
2025-12-20 02:26:52.426 [info] Getting sessions for all scopes...
2025-12-20 02:26:52.426 [info] Got 1 sessions for ...
2025-12-20 02:26:52.426 [info] Getting sessions for all scopes...
2025-12-20 02:26:52.426 [info] Got 1 sessions for ...
2025-12-20 02:26:52.426 [info] Getting sessions for all scopes...
2025-12-20 02:26:52.426 [info] Got 1 sessions for ...
2025-12-20 02:26:52.426 [info] Getting sessions for all scopes...
2025-12-20 02:26:52.426 [info] Got 1 sessions for ...
2025-12-20 02:26:52.426 [info] Getting sessions for all scopes...
2025-12-20 02:26:52.426 [info] Got 1 sessions for ...
2025-12-20 02:26:52.426 [info] Getting sessions for all scopes...
2025-12-20 02:26:52.426 [info] Got 1 sessions for ...
2025-12-20 02:26:52.426 [info] Getting sessions for all scopes...
2025-12-20 02:26:52.426 [info] Got 1 sessions for ...
2025-12-20 02:26:52.426 [info] Getting sessions for all scopes...
2025-12-20 02:26:52.426 [info] Got 1 sessions for ...
2025-12-20 02:26:52.426 [info] Getting sessions for all scopes...
2025-12-20 02:26:52.426 [info] Got 1 sessions for ...
2025-12-20 02:26:52.426 [info] Getting sessions for all scopes...
2025-12-20 02:26:52.426 [info] Got 1 sessions for ...
2025-12-20 02:26:52.426 [info] Getting sessions for all scopes...
2025-12-20 02:26:52.426 [info] Got 1 sessions for ...
2025-12-20 02:26:52.722 [info] Getting sessions for read:user,repo,user:email,workflow...
2025-12-20 02:26:52.722 [info] Got 1 sessions for read:user,repo,user:email,workflow...
2025-12-20 02:26:54.375 [info] Getting sessions for all scopes...
2025-12-20 02:26:54.375 [info] Got 1 sessions for ...
