2025-12-19T15:31:33.438Z - info: [ui] [AppStore] loading 0 repositories from store
2025-12-19T15:31:33.469Z - info: [ui] [Welcome] no sign in step found. ignoring...
2025-12-19T15:31:33.482Z - info: [ui] [Welcome] no sign in step found. ignoring...
2025-12-19T15:31:33.483Z - info: [ui] launching: 3.4.13-linux1 (Linux 6.18.1-arch1-2)
2025-12-19T15:31:33.484Z - info: [ui] execPath: '/opt/github-desktop/github-desktop'
2025-12-19T15:31:33.510Z - info: [ui] [Welcome] no sign in step found. ignoring...
2025-12-19T15:31:33.965Z - info: [ui] [Welcome] no sign in step found. ignoring...
2025-12-19T15:31:33.982Z - info: [ui] [Welcome] no sign in step found. ignoring...
2025-12-19T15:31:34.225Z - info: [ui] Opt in reported.
2025-12-19T15:31:37.274Z - info: [ui] [Welcome] no sign in step found. ignoring...
2025-12-19T15:31:38.950Z - info: [ui] [Welcome] advancing to step: SignInToDotComWithBrowser
2025-12-19T15:31:38.951Z - info: [ui] [SignInStore] initializing OAuth flow
2025-12-19T15:31:38.958Z - info: [main] opening in browser: https://github.com/login/oauth/authorize?client_id=3a723b10ac5575cc5bb9&scope=repo%20user%20workflow&state=242b18e6-526f-46ee-9d72-c9dbe139ff23
2025-12-19T15:31:38.960Z - info: [ui] [Welcome] current sign in state not found. ignoring...
2025-12-19T15:31:41.037Z - info: [ui] [Welcome] kind Authentication is the same as Authentication. ignoring...
2025-12-19T15:31:41.119Z - info: [ui] [Welcome] kind Authentication is the same as Authentication. ignoring...
2025-12-19T15:31:52.910Z - info: [ui] [Welcome] kind Authentication is the same as Authentication. ignoring...
2025-12-19T15:31:53.946Z - info: [ui] [Welcome] kind Authentication is the same as Authentication. ignoring...
2025-12-19T15:31:58.770Z - info: [ui] [Welcome] kind Authentication is the same as Authentication. ignoring...
2025-12-19T15:33:01.891Z - info: [ui] [Welcome] kind Authentication is the same as Authentication. ignoring...
2025-12-19T15:33:04.052Z - info: [ui] [Welcome] advancing to step: Start
2025-12-19T15:33:05.024Z - info: [ui] [Welcome] advancing to step: SignInToDotComWithBrowser
2025-12-19T15:33:05.035Z - info: [ui] [SignInStore] initializing OAuth flow
2025-12-19T15:33:05.035Z - info: [main] opening in browser: https://github.com/login/oauth/authorize?client_id=3a723b10ac5575cc5bb9&scope=repo%20user%20workflow&state=edbe1f7f-a5d8-4a53-9105-5ab47090cd82
2025-12-19T15:33:05.036Z - info: [ui] [SignInStore] OAuth error but session has changed: Error: cancelled
2025-12-19T15:33:05.038Z - info: [ui] [Welcome] kind Authentication is the same as Authentication. ignoring...
2025-12-19T15:33:06.690Z - info: [ui] [Welcome] kind Authentication is the same as Authentication. ignoring...
2025-12-19T15:33:33.412Z - info: [main] Received possible protocol arguments: 3
2025-12-19T15:33:33.412Z - info: [main] Processing protocol url
2025-12-19T15:33:33.475Z - info: [main] Received possible protocol arguments: 2
2025-12-19T15:33:33.480Z - info: [main] Processing protocol url
2025-12-19T15:33:34.173Z - info: [ui] [Welcome] kind Authentication is the same as Authentication. ignoring...
2025-12-19T15:33:34.946Z - info: [ui] [SignInStore] account resolved
2025-12-19T15:33:34.947Z - info: [ui] [AppStore] adding account SavageAUS (SavageAUS) to store
2025-12-19T15:33:34.948Z - info: [ui] [Welcome] advancing to step: ConfigureGit
2025-12-19T15:33:34.999Z - info: [ui] [Welcome] no sign in step found. ignoring...
2025-12-19T15:33:35.608Z - info: [ui] [Welcome] no sign in step found. ignoring...
2025-12-19T15:33:35.631Z - info: [ui] [Welcome] no sign in step found. ignoring...
2025-12-19T15:33:35.697Z - info: [ui] Subscribed 'SavageAUS' to Alive channel
2025-12-19T15:34:37.080Z - info: [ui] [AppStore] adding repository at /home/shane/.config to store
