{"logTime": "1219/153251", "correlationVector":"IuV1o7FB/ABDTcvj+ONF4A.1","action":"SyncServerConnectionManagerRequest", "result":"SYNC_SERVER_OK", "context":{"environment":"Prod_australiaeast_prod-s01-011-apac-australiaeast", "migrationStage":"NotStarted", "server":"akswtt02300000h"}}
{"logTime": "1219/153251", "correlationVector":"IuV1o7FB/ABDTcvj+ONF4A.2","action":"ProcessGetUpdates", "result":"Done", "context":{"dataType":"Encryption Keys", "deleted":"0", "process_failed_to_decrypt":"0", "process_pending_decryption":"0", "process_success":"1", "total":"1"}}
{"logTime": "1219/153252", "correlationVector":"ttqldQmtyQkNuR0YEdnAdX","action":"SyncServerConnectionManagerRequest", "result":"SYNC_SERVER_OK", "context":{"environment":"", "migrationStage":"", "server":""}}
{"logTime": "1219/153252", "correlationVector":"ttqldQmtyQkNuR0YEdnAdX.0","action":"EncryptionKeysFetcher.DownloadKeys:", "result":"Success", "context":Key count: 10, Last key timestamp: 2025-09-07T06:11:30Z}
{"logTime": "1219/153252", "correlationVector":"ttqldQmtyQkNuR0YEdnAdX.1","action":"EncryptionKeysManager::SetEncryptionKeys:", "result":"Success", "context":Key names[10]:[QK+xx6jtTvAqsq38bjT18AcpdqxaAMGUoYfWxijGrShpAQeQ676AM2b4r1NybsJawvpu7wpd2Lp9SP1pwEtAXQ==][PeiZllk4wYAGZDnWK/FZ+L8TSWMYvZEVYNByhrDzM4KBnyzejSIqSF472ZPawyAxoinLZpC+55oM/E1WAu0PHA==][7RdqgnGAzMjkRISFcqApoR6czXG2ESOu3r8p2bI5KXX6vGxbnURI/xykrGyVSqkwS5seheRYqnkWGTZwMhg3Xg==][EtptKho/PMQO2nds/tUv++jeSGpw0Z7AFGvegLQ84d/WWpJFAclp9pzvN1UlBt/yXFZVqSU2mGDPfhZ16omt0w==][hFKHuvJnx1FayWEeR4yS3mNohhYohWkGmkx/SY0chlTSGD6t/O/qtmqfkpqHmYG7xKmKOOJyTWRLq/yvaheYmg==][iI+1rrdqLbDgPqRcRd6I5I2SSH96Gt7itJT38X5cCw9x+0VDHA+NvfbGmPwBIOfOlNkR/4JuKTpM5CjNNMYUMA==][aLBvHliMQPt16mv0edRTXF5FaKbyX6kHKFLru07F2JFpzL+1sM9LQg0NopvAP1NriFFg//Woo2xoq41DQNS54w==][eYZzD29r0OMfTAWaIdeHOJ693ATcPqUVo+8dDw7ALJHgZROLfkzb7bZv0G1KeI3NPe7xNEuksfAIwzpFySJp1g==][HOmmzfBCddMYTUJw3eaISzOn8iKPrlHu77pHB1qNmCD09J2M4AemgSU6UakybqJAn0XtIhyPlL63fzdwZrQmgw==][WEAWw6HAUIsVMH63uoFg3Qe6CE96vaHuPREyfJcNUngH+QbBF7qxqRnKKs4T0zsJk3FsqIXhfTfWJONZVx+kgA==]}
{"logTime": "1219/153252", "correlationVector":"ttqldQmtyQkNuR0YEdnAdX.2","action":"EncryptionKeysManager::SetEncryptionKeysWithTimestamps:", "result":"Success", "context":Key timestamps[10]:[2021-04-30T08:42:04Z][2021-11-20T13:18:33Z][2022-05-22T14:51:14Z][2022-12-19T00:31:41Z][2023-06-25T11:37:50Z][2023-12-22T11:48:41Z][2024-06-20T07:44:19Z][2024-09-11T00:59:49Z][2025-03-10T03:43:25Z][2025-09-07T06:11:30Z]}
{"logTime": "1219/153252", "correlationVector":"IuV1o7FB/ABDTcvj+ONF4A","action":"Initial GetUpdates", "result":"", "context":Reason: NEW_CLIENT. cV=IuV1o7FB/ABDTcvj+ONF4A}
{"logTime": "1219/153252", "correlationVector":"IuV1o7FB/ABDTcvj+ONF4A.3","action":"GetUpdates Response", "result":"Success", "context":Received 1 update(s). cV=IuV1o7FB/ABDTcvj+ONF4A.0;server=akswtt02300000h;cloudType=Consumer;environment=Prod_australiaeast_prod-s01-011-apac-australiaeast;migrationStage=NotStarted}
{"logTime": "1219/153252", "correlationVector":"VL3OChCSHxn5mKgGhsFOJS","action":"Initial GetUpdates", "result":"", "context":Reason: NEWLY_SUPPORTED_DATATYPE. cV=VL3OChCSHxn5mKgGhsFOJS}
{"logTime": "1219/153252", "correlationVector":"VL3OChCSHxn5mKgGhsFOJS.1","action":"SyncServerConnectionManagerRequest", "result":"SYNC_SERVER_OK", "context":{"environment":"Prod_australiaeast_prod-s01-011-apac-australiaeast", "migrationStage":"NotStarted", "server":"akswtt023000006"}}
{"logTime": "1219/153252", "correlationVector":"VL3OChCSHxn5mKgGhsFOJS.2","action":"ProcessGetUpdates", "result":"Done", "context":{"dataType":"Preferences", "deleted":"0", "process_failed_to_decrypt":"0", "process_pending_decryption":"0", "process_success":"118", "total":"118"}}
{"logTime": "1219/153252", "correlationVector":"VL3OChCSHxn5mKgGhsFOJS.3","action":"ProcessGetUpdates", "result":"Done", "context":{"dataType":"Passwords", "deleted":"7", "process_failed_to_decrypt":"0", "process_pending_decryption":"0", "process_success":"57", "total":"57"}}
{"logTime": "1219/153252", "correlationVector":"VL3OChCSHxn5mKgGhsFOJS.4","action":"ProcessGetUpdates", "result":"Done", "context":{"dataType":"Device Info", "deleted":"0", "process_failed_to_decrypt":"0", "process_pending_decryption":"0", "process_success":"75", "total":"75"}}
{"logTime": "1219/153253", "correlationVector":"VL3OChCSHxn5mKgGhsFOJS.5","action":"GetUpdates Response", "result":"Success", "context":Received 250 update(s). cV=VL3OChCSHxn5mKgGhsFOJS.0;server=akswtt023000006;cloudType=Consumer;environment=Prod_australiaeast_prod-s01-011-apac-australiaeast;migrationStage=NotStarted Some updates remain.}
{"logTime": "1219/153253", "correlationVector":"7y6GYJmc/zdTUmOzrLsGAs","action":"Initial GetUpdates", "result":"", "context":Reason: NEWLY_SUPPORTED_DATATYPE. cV=7y6GYJmc/zdTUmOzrLsGAs}
{"logTime": "1219/153253", "correlationVector":"7y6GYJmc/zdTUmOzrLsGAs.1","action":"SyncServerConnectionManagerRequest", "result":"SYNC_SERVER_OK", "context":{"environment":"Prod_australiaeast_prod-s01-011-apac-australiaeast", "migrationStage":"NotStarted", "server":"akswtt02300000p"}}
{"logTime": "1219/153253", "correlationVector":"7y6GYJmc/zdTUmOzrLsGAs.2","action":"ProcessGetUpdates", "result":"Done", "context":{"dataType":"Preferences", "deleted":"0", "process_failed_to_decrypt":"0", "process_pending_decryption":"0", "process_success":"9", "total":"9"}}
{"logTime": "1219/153253", "correlationVector":"7y6GYJmc/zdTUmOzrLsGAs.3","action":"ProcessGetUpdates", "result":"Done", "context":{"dataType":"Passwords", "deleted":"1", "process_failed_to_decrypt":"0", "process_pending_decryption":"0", "process_success":"90", "total":"90"}}
{"logTime": "1219/153253", "correlationVector":"7y6GYJmc/zdTUmOzrLsGAs.4","action":"ProcessGetUpdates", "result":"Done", "context":{"dataType":"Device Info", "deleted":"0", "process_failed_to_decrypt":"0", "process_pending_decryption":"0", "process_success":"22", "total":"22"}}
{"logTime": "1219/153253", "correlationVector":"7y6GYJmc/zdTUmOzrLsGAs.5","action":"GetUpdates Response", "result":"Success", "context":Received 121 update(s). cV=7y6GYJmc/zdTUmOzrLsGAs.0;server=akswtt02300000p;cloudType=Consumer;environment=Prod_australiaeast_prod-s01-011-apac-australiaeast;migrationStage=NotStarted}
{"logTime": "1219/153253", "correlationVector":"JTuLEUx3tMZ5ntDPR8SAHk","action":"Initial GetUpdates", "result":"", "context":Reason: NEWLY_SUPPORTED_DATATYPE. cV=JTuLEUx3tMZ5ntDPR8SAHk}
{"logTime": "1219/153253", "correlationVector":"JTuLEUx3tMZ5ntDPR8SAHk.1","action":"SyncServerConnectionManagerRequest", "result":"SYNC_SERVER_OK", "context":{"environment":"Prod_australiaeast_prod-s01-011-apac-australiaeast", "migrationStage":"NotStarted", "server":"akswtt02300000h"}}
{"logTime": "1219/153253", "correlationVector":"JTuLEUx3tMZ5ntDPR8SAHk.2","action":"ProcessGetUpdates", "result":"Done", "context":{"dataType":"Bookmarks", "deleted":"11", "process_failed_to_decrypt":"0", "process_pending_decryption":"0", "process_success":"32", "total":"32"}}
{"logTime": "1219/153253", "correlationVector":"JTuLEUx3tMZ5ntDPR8SAHk.3","action":"GetUpdates Response", "result":"Success", "context":Received 32 update(s). cV=JTuLEUx3tMZ5ntDPR8SAHk.0;server=akswtt02300000h;cloudType=Consumer;environment=Prod_australiaeast_prod-s01-011-apac-australiaeast;migrationStage=NotStarted}
{"logTime": "1219/153253", "correlationVector":"NVNfXKArLeEOGcKbxDYqT9","action":"Initial GetUpdates", "result":"", "context":Reason: NEWLY_SUPPORTED_DATATYPE. cV=NVNfXKArLeEOGcKbxDYqT9}
{"logTime": "1219/153254", "correlationVector":"NVNfXKArLeEOGcKbxDYqT9.1","action":"SyncServerConnectionManagerRequest", "result":"SYNC_SERVER_OK", "context":{"environment":"Prod_australiaeast_prod-s01-011-apac-australiaeast", "migrationStage":"NotStarted", "server":"akswtt023000006"}}
{"logTime": "1219/153254", "correlationVector":"NVNfXKArLeEOGcKbxDYqT9.2","action":"ProcessGetUpdates", "result":"Done", "context":{"dataType":"Autofill", "deleted":"0", "process_failed_to_decrypt":"0", "process_pending_decryption":"0", "process_success":"247", "total":"247"}}
{"logTime": "1219/153254", "correlationVector":"NVNfXKArLeEOGcKbxDYqT9.3","action":"ProcessGetUpdates", "result":"Done", "context":{"dataType":"Web Apps", "deleted":"0", "process_failed_to_decrypt":"0", "process_pending_decryption":"0", "process_success":"3", "total":"3"}}
{"logTime": "1219/153254", "correlationVector":"NVNfXKArLeEOGcKbxDYqT9.4","action":"GetUpdates Response", "result":"Success", "context":Received 250 update(s). cV=NVNfXKArLeEOGcKbxDYqT9.0;server=akswtt023000006;cloudType=Consumer;environment=Prod_australiaeast_prod-s01-011-apac-australiaeast;migrationStage=NotStarted Some updates remain.}
{"logTime": "1219/153254", "correlationVector":"wL3hw3qYIkeGVd3UGeI4Ia","action":"Initial GetUpdates", "result":"", "context":Reason: NEWLY_SUPPORTED_DATATYPE. cV=wL3hw3qYIkeGVd3UGeI4Ia}
{"logTime": "1219/153255", "correlationVector":"wL3hw3qYIkeGVd3UGeI4Ia.1","action":"SyncServerConnectionManagerRequest", "result":"SYNC_SERVER_OK", "context":{"environment":"Prod_australiaeast_prod-s01-011-apac-australiaeast", "migrationStage":"NotStarted", "server":"akswtt02300000p"}}
{"logTime": "1219/153255", "correlationVector":"wL3hw3qYIkeGVd3UGeI4Ia.2","action":"ProcessGetUpdates", "result":"Done", "context":{"dataType":"Autofill", "deleted":"0", "process_failed_to_decrypt":"0", "process_pending_decryption":"0", "process_success":"250", "total":"250"}}
{"logTime": "1219/153255", "correlationVector":"wL3hw3qYIkeGVd3UGeI4Ia.3","action":"GetUpdates Response", "result":"Success", "context":Received 250 update(s). cV=wL3hw3qYIkeGVd3UGeI4Ia.0;server=akswtt02300000p;cloudType=Consumer;environment=Prod_australiaeast_prod-s01-011-apac-australiaeast;migrationStage=NotStarted Some updates remain.}
{"logTime": "1219/153255", "correlationVector":"ZaKgeqjQ9NP08OR9gcLG83","action":"Initial GetUpdates", "result":"", "context":Reason: NEWLY_SUPPORTED_DATATYPE. cV=ZaKgeqjQ9NP08OR9gcLG83}
{"logTime": "1219/153255", "correlationVector":"ZaKgeqjQ9NP08OR9gcLG83.1","action":"SyncServerConnectionManagerRequest", "result":"SYNC_SERVER_OK", "context":{"environment":"Prod_australiaeast_prod-s01-011-apac-australiaeast", "migrationStage":"NotStarted", "server":"akswtt023000006"}}
{"logTime": "1219/153255", "correlationVector":"ZaKgeqjQ9NP08OR9gcLG83.2","action":"ProcessGetUpdates", "result":"Done", "context":{"dataType":"Autofill", "deleted":"0", "process_failed_to_decrypt":"0", "process_pending_decryption":"0", "process_success":"250", "total":"250"}}
{"logTime": "1219/153255", "correlationVector":"ZaKgeqjQ9NP08OR9gcLG83.3","action":"GetUpdates Response", "result":"Success", "context":Received 250 update(s). cV=ZaKgeqjQ9NP08OR9gcLG83.0;server=akswtt023000006;cloudType=Consumer;environment=Prod_australiaeast_prod-s01-011-apac-australiaeast;migrationStage=NotStarted Some updates remain.}
{"logTime": "1219/153255", "correlationVector":"BFvDeBIMfeWbLMnKdx9DEd","action":"Initial GetUpdates", "result":"", "context":Reason: NEWLY_SUPPORTED_DATATYPE. cV=BFvDeBIMfeWbLMnKdx9DEd}
{"logTime": "1219/153256", "correlationVector":"BFvDeBIMfeWbLMnKdx9DEd.1","action":"SyncServerConnectionManagerRequest", "result":"SYNC_SERVER_OK", "context":{"environment":"Prod_australiaeast_prod-s01-011-apac-australiaeast", "migrationStage":"NotStarted", "server":"akswtt02300000p"}}
{"logTime": "1219/153256", "correlationVector":"BFvDeBIMfeWbLMnKdx9DEd.2","action":"ProcessGetUpdates", "result":"Done", "context":{"dataType":"Autofill", "deleted":"0", "process_failed_to_decrypt":"0", "process_pending_decryption":"0", "process_success":"250", "total":"250"}}
{"logTime": "1219/153256", "correlationVector":"BFvDeBIMfeWbLMnKdx9DEd.3","action":"GetUpdates Response", "result":"Success", "context":Received 250 update(s). cV=BFvDeBIMfeWbLMnKdx9DEd.0;server=akswtt02300000p;cloudType=Consumer;environment=Prod_australiaeast_prod-s01-011-apac-australiaeast;migrationStage=NotStarted Some updates remain.}
{"logTime": "1219/153256", "correlationVector":"xz4P8qb+5bkXgcgPFKrw1y","action":"Initial GetUpdates", "result":"", "context":Reason: NEWLY_SUPPORTED_DATATYPE. cV=xz4P8qb+5bkXgcgPFKrw1y}
{"logTime": "1219/153257", "correlationVector":"xz4P8qb+5bkXgcgPFKrw1y.1","action":"SyncServerConnectionManagerRequest", "result":"SYNC_SERVER_OK", "context":{"environment":"Prod_australiaeast_prod-s01-011-apac-australiaeast", "migrationStage":"NotStarted", "server":"akswtt02300000h"}}
{"logTime": "1219/153257", "correlationVector":"xz4P8qb+5bkXgcgPFKrw1y.2","action":"ProcessGetUpdates", "result":"Done", "context":{"dataType":"Autofill", "deleted":"0", "process_failed_to_decrypt":"0", "process_pending_decryption":"0", "process_success":"189", "total":"189"}}
{"logTime": "1219/153257", "correlationVector":"xz4P8qb+5bkXgcgPFKrw1y.3","action":"ProcessGetUpdates", "result":"Done", "context":{"dataType":"Sessions", "deleted":"61", "process_failed_to_decrypt":"0", "process_pending_decryption":"0", "process_success":"61", "total":"61"}}
{"logTime": "1219/153257", "correlationVector":"xz4P8qb+5bkXgcgPFKrw1y.4","action":"GetUpdates Response", "result":"Success", "context":Received 250 update(s). cV=xz4P8qb+5bkXgcgPFKrw1y.0;server=akswtt02300000h;cloudType=Consumer;environment=Prod_australiaeast_prod-s01-011-apac-australiaeast;migrationStage=NotStarted Some updates remain.}
{"logTime": "1219/153257", "correlationVector":"lbXZeKHMx/HlOjZgtfy9gV","action":"Initial GetUpdates", "result":"", "context":Reason: NEWLY_SUPPORTED_DATATYPE. cV=lbXZeKHMx/HlOjZgtfy9gV}
{"logTime": "1219/153258", "correlationVector":"lbXZeKHMx/HlOjZgtfy9gV.1","action":"SyncServerConnectionManagerRequest", "result":"SYNC_SERVER_OK", "context":{"environment":"Prod_australiaeast_prod-s01-011-apac-australiaeast", "migrationStage":"NotStarted", "server":"akswtt023000006"}}
{"logTime": "1219/153258", "correlationVector":"lbXZeKHMx/HlOjZgtfy9gV.2","action":"ProcessGetUpdates", "result":"Done", "context":{"dataType":"Autofill", "deleted":"0", "process_failed_to_decrypt":"0", "process_pending_decryption":"0", "process_success":"27", "total":"27"}}
{"logTime": "1219/153258", "correlationVector":"lbXZeKHMx/HlOjZgtfy9gV.3","action":"ProcessGetUpdates", "result":"Done", "context":{"dataType":"Sessions", "deleted":"222", "process_failed_to_decrypt":"0", "process_pending_decryption":"0", "process_success":"222", "total":"222"}}
{"logTime": "1219/153258", "correlationVector":"lbXZeKHMx/HlOjZgtfy9gV.4","action":"ProcessGetUpdates", "result":"Done", "context":{"dataType":"Edge Hub App Usage", "deleted":"0", "process_failed_to_decrypt":"0", "process_pending_decryption":"0", "process_success":"1", "total":"1"}}
{"logTime": "1219/153258", "correlationVector":"lbXZeKHMx/HlOjZgtfy9gV.5","action":"GetUpdates Response", "result":"Success", "context":Received 250 update(s). cV=lbXZeKHMx/HlOjZgtfy9gV.0;server=akswtt023000006;cloudType=Consumer;environment=Prod_australiaeast_prod-s01-011-apac-australiaeast;migrationStage=NotStarted Some updates remain.}
{"logTime": "1219/153258", "correlationVector":"LPsNctQC19oQaDC4LO9MP4","action":"Initial GetUpdates", "result":"", "context":Reason: NEWLY_SUPPORTED_DATATYPE. cV=LPsNctQC19oQaDC4LO9MP4}
{"logTime": "1219/153258", "correlationVector":"LPsNctQC19oQaDC4LO9MP4.1","action":"SyncServerConnectionManagerRequest", "result":"SYNC_SERVER_OK", "context":{"environment":"Prod_australiaeast_prod-s01-011-apac-australiaeast", "migrationStage":"NotStarted", "server":"akswtt02300000h"}}
{"logTime": "1219/153258", "correlationVector":"LPsNctQC19oQaDC4LO9MP4.2","action":"ProcessGetUpdates", "result":"Done", "context":{"dataType":"Autofill Profiles", "deleted":"4", "process_failed_to_decrypt":"0", "process_pending_decryption":"0", "process_success":"4", "total":"4"}}
{"logTime": "1219/153258", "correlationVector":"LPsNctQC19oQaDC4LO9MP4.3","action":"ProcessGetUpdates", "result":"Done", "context":{"dataType":"Autofill", "deleted":"0", "process_failed_to_decrypt":"0", "process_pending_decryption":"0", "process_success":"60", "total":"60"}}
{"logTime": "1219/153258", "correlationVector":"LPsNctQC19oQaDC4LO9MP4.4","action":"ProcessGetUpdates", "result":"Done", "context":{"dataType":"Sessions", "deleted":"184", "process_failed_to_decrypt":"0", "process_pending_decryption":"0", "process_success":"184", "total":"184"}}
{"logTime": "1219/153258", "correlationVector":"LPsNctQC19oQaDC4LO9MP4.5","action":"ProcessGetUpdates", "result":"Done", "context":{"dataType":"Edge Hub App Usage", "deleted":"1", "process_failed_to_decrypt":"0", "process_pending_decryption":"0", "process_success":"2", "total":"2"}}
{"logTime": "1219/153258", "correlationVector":"LPsNctQC19oQaDC4LO9MP4.6","action":"GetUpdates Response", "result":"Success", "context":Received 250 update(s). cV=LPsNctQC19oQaDC4LO9MP4.0;server=akswtt02300000h;cloudType=Consumer;environment=Prod_australiaeast_prod-s01-011-apac-australiaeast;migrationStage=NotStarted Some updates remain.}
{"logTime": "1219/153258", "correlationVector":"6yoQgyWebhZJFYSMVkatRs","action":"Initial GetUpdates", "result":"", "context":Reason: NEWLY_SUPPORTED_DATATYPE. cV=6yoQgyWebhZJFYSMVkatRs}
{"logTime": "1219/153259", "correlationVector":"6yoQgyWebhZJFYSMVkatRs.1","action":"SyncServerConnectionManagerRequest", "result":"SYNC_SERVER_OK", "context":{"environment":"Prod_australiaeast_prod-s01-011-apac-australiaeast", "migrationStage":"NotStarted", "server":"akswtt02300000p"}}
{"logTime": "1219/153259", "correlationVector":"6yoQgyWebhZJFYSMVkatRs.2","action":"ProcessGetUpdates", "result":"Done", "context":{"dataType":"Autofill Profiles", "deleted":"0", "process_failed_to_decrypt":"0", "process_pending_decryption":"0", "process_success":"1", "total":"1"}}
{"logTime": "1219/153259", "correlationVector":"6yoQgyWebhZJFYSMVkatRs.3","action":"ProcessGetUpdates", "result":"Done", "context":{"dataType":"Autofill", "deleted":"0", "process_failed_to_decrypt":"0", "process_pending_decryption":"0", "process_success":"13", "total":"13"}}
{"logTime": "1219/153259", "correlationVector":"6yoQgyWebhZJFYSMVkatRs.4","action":"ProcessGetUpdates", "result":"Done", "context":{"dataType":"Sessions", "deleted":"236", "process_failed_to_decrypt":"0", "process_pending_decryption":"0", "process_success":"236", "total":"236"}}
{"logTime": "1219/153259", "correlationVector":"6yoQgyWebhZJFYSMVkatRs.5","action":"GetUpdates Response", "result":"Success", "context":Received 250 update(s). cV=6yoQgyWebhZJFYSMVkatRs.0;server=akswtt02300000p;cloudType=Consumer;environment=Prod_australiaeast_prod-s01-011-apac-australiaeast;migrationStage=NotStarted Some updates remain.}
{"logTime": "1219/153259", "correlationVector":"CDof7FxfyhU+7YJbCsqpGg","action":"Initial GetUpdates", "result":"", "context":Reason: NEWLY_SUPPORTED_DATATYPE. cV=CDof7FxfyhU+7YJbCsqpGg}
{"logTime": "1219/153300", "correlationVector":"CDof7FxfyhU+7YJbCsqpGg.1","action":"SyncServerConnectionManagerRequest", "result":"SYNC_SERVER_OK", "context":{"environment":"Prod_australiaeast_prod-s01-011-apac-australiaeast", "migrationStage":"NotStarted", "server":"akswtt02300000p"}}
{"logTime": "1219/153300", "correlationVector":"CDof7FxfyhU+7YJbCsqpGg.2","action":"ProcessGetUpdates", "result":"Done", "context":{"dataType":"Autofill Profiles", "deleted":"0", "process_failed_to_decrypt":"0", "process_pending_decryption":"0", "process_success":"1", "total":"1"}}
{"logTime": "1219/153300", "correlationVector":"CDof7FxfyhU+7YJbCsqpGg.3","action":"ProcessGetUpdates", "result":"Done", "context":{"dataType":"Autofill", "deleted":"0", "process_failed_to_decrypt":"0", "process_pending_decryption":"0", "process_success":"13", "total":"13"}}
{"logTime": "1219/153300", "correlationVector":"CDof7FxfyhU+7YJbCsqpGg.4","action":"ProcessGetUpdates", "result":"Done", "context":{"dataType":"Extensions", "deleted":"0", "process_failed_to_decrypt":"0", "process_pending_decryption":"0", "process_success":"1", "total":"1"}}
{"logTime": "1219/153300", "correlationVector":"CDof7FxfyhU+7YJbCsqpGg.5","action":"ProcessGetUpdates", "result":"Done", "context":{"dataType":"Sessions", "deleted":"200", "process_failed_to_decrypt":"0", "process_pending_decryption":"0", "process_success":"234", "total":"234"}}
{"logTime": "1219/153300", "correlationVector":"CDof7FxfyhU+7YJbCsqpGg.6","action":"ProcessGetUpdates", "result":"Done", "context":{"dataType":"Edge Hub App Usage", "deleted":"0", "process_failed_to_decrypt":"0", "process_pending_decryption":"0", "process_success":"1", "total":"1"}}
{"logTime": "1219/153300", "correlationVector":"CDof7FxfyhU+7YJbCsqpGg.7","action":"GetUpdates Response", "result":"Success", "context":Received 250 update(s). cV=CDof7FxfyhU+7YJbCsqpGg.0;server=akswtt02300000p;cloudType=Consumer;environment=Prod_australiaeast_prod-s01-011-apac-australiaeast;migrationStage=NotStarted Some updates remain.}
{"logTime": "1219/153300", "correlationVector":"+BZfSmztCohO2KKDE5ScVT","action":"Initial GetUpdates", "result":"", "context":Reason: NEWLY_SUPPORTED_DATATYPE. cV=+BZfSmztCohO2KKDE5ScVT}
{"logTime": "1219/153300", "correlationVector":"+BZfSmztCohO2KKDE5ScVT.1","action":"SyncServerConnectionManagerRequest", "result":"SYNC_SERVER_OK", "context":{"environment":"Prod_australiaeast_prod-s01-011-apac-australiaeast", "migrationStage":"NotStarted", "server":"akswtt023000006"}}
{"logTime": "1219/153300", "correlationVector":"+BZfSmztCohO2KKDE5ScVT.2","action":"GetUpdates Response", "result":"Success", "context":Received 0 update(s). cV=+BZfSmztCohO2KKDE5ScVT.0;server=akswtt023000006;cloudType=Consumer;environment=Prod_australiaeast_prod-s01-011-apac-australiaeast;migrationStage=NotStarted}
{"logTime": "1219/153300", "correlationVector":"J71hypk0XtJCQJIbFbaoee","action":"Initial GetUpdates", "result":"", "context":Reason: NEWLY_SUPPORTED_DATATYPE. cV=J71hypk0XtJCQJIbFbaoee}
{"logTime": "1219/153301", "correlationVector":"J71hypk0XtJCQJIbFbaoee.1","action":"SyncServerConnectionManagerRequest", "result":"SYNC_SERVER_OK", "context":{"environment":"Prod_australiaeast_prod-s01-011-apac-australiaeast", "migrationStage":"NotStarted", "server":"akswtt02300000h"}}
{"logTime": "1219/153301", "correlationVector":"J71hypk0XtJCQJIbFbaoee.2","action":"ProcessGetUpdates", "result":"Done", "context":{"dataType":"History", "deleted":"0", "process_failed_to_decrypt":"0", "process_pending_decryption":"0", "process_success":"250", "total":"250"}}
{"logTime": "1219/153301", "correlationVector":"J71hypk0XtJCQJIbFbaoee.3","action":"GetUpdates Response", "result":"Success", "context":Received 250 update(s). cV=J71hypk0XtJCQJIbFbaoee.0;server=akswtt02300000h;cloudType=Consumer;environment=Prod_australiaeast_prod-s01-011-apac-australiaeast;migrationStage=NotStarted Some updates remain.}
{"logTime": "1219/153301", "correlationVector":"nmdgCExpYvtsnYFzXAMNYp","action":"Initial GetUpdates", "result":"", "context":Reason: NEWLY_SUPPORTED_DATATYPE. cV=nmdgCExpYvtsnYFzXAMNYp}
{"logTime": "1219/153303", "correlationVector":"nmdgCExpYvtsnYFzXAMNYp.1","action":"SyncServerConnectionManagerRequest", "result":"SYNC_SERVER_OK", "context":{"environment":"Prod_australiaeast_prod-s01-011-apac-australiaeast", "migrationStage":"NotStarted", "server":"akswtt023000006"}}
{"logTime": "1219/153303", "correlationVector":"nmdgCExpYvtsnYFzXAMNYp.2","action":"ProcessGetUpdates", "result":"Done", "context":{"dataType":"History", "deleted":"0", "process_failed_to_decrypt":"0", "process_pending_decryption":"0", "process_success":"250", "total":"250"}}
{"logTime": "1219/153303", "correlationVector":"nmdgCExpYvtsnYFzXAMNYp.3","action":"GetUpdates Response", "result":"Success", "context":Received 250 update(s). cV=nmdgCExpYvtsnYFzXAMNYp.0;server=akswtt023000006;cloudType=Consumer;environment=Prod_australiaeast_prod-s01-011-apac-australiaeast;migrationStage=NotStarted Some updates remain.}
{"logTime": "1219/153303", "correlationVector":"x6gigVwgUPd03MxtZHT/LW","action":"Initial GetUpdates", "result":"", "context":Reason: NEWLY_SUPPORTED_DATATYPE. cV=x6gigVwgUPd03MxtZHT/LW}
{"logTime": "1219/153304", "correlationVector":"x6gigVwgUPd03MxtZHT/LW.1","action":"SyncServerConnectionManagerRequest", "result":"SYNC_SERVER_OK", "context":{"environment":"Prod_australiaeast_prod-s01-011-apac-australiaeast", "migrationStage":"NotStarted", "server":"akswtt02300000p"}}
{"logTime": "1219/153304", "correlationVector":"x6gigVwgUPd03MxtZHT/LW.2","action":"ProcessGetUpdates", "result":"Done", "context":{"dataType":"History", "deleted":"0", "process_failed_to_decrypt":"0", "process_pending_decryption":"0", "process_success":"250", "total":"250"}}
{"logTime": "1219/153304", "correlationVector":"x6gigVwgUPd03MxtZHT/LW.3","action":"GetUpdates Response", "result":"Success", "context":Received 250 update(s). cV=x6gigVwgUPd03MxtZHT/LW.0;server=akswtt02300000p;cloudType=Consumer;environment=Prod_australiaeast_prod-s01-011-apac-australiaeast;migrationStage=NotStarted Some updates remain.}
{"logTime": "1219/153304", "correlationVector":"znCWLURUqtcSiokstEliGd","action":"Initial GetUpdates", "result":"", "context":Reason: NEWLY_SUPPORTED_DATATYPE. cV=znCWLURUqtcSiokstEliGd}
{"logTime": "1219/153305", "correlationVector":"znCWLURUqtcSiokstEliGd.1","action":"SyncServerConnectionManagerRequest", "result":"SYNC_SERVER_OK", "context":{"environment":"Prod_australiaeast_prod-s01-011-apac-australiaeast", "migrationStage":"NotStarted", "server":"akswtt02300000h"}}
{"logTime": "1219/153305", "correlationVector":"znCWLURUqtcSiokstEliGd.2","action":"ProcessGetUpdates", "result":"Done", "context":{"dataType":"History", "deleted":"0", "process_failed_to_decrypt":"0", "process_pending_decryption":"0", "process_success":"250", "total":"250"}}
{"logTime": "1219/153305", "correlationVector":"znCWLURUqtcSiokstEliGd.3","action":"GetUpdates Response", "result":"Success", "context":Received 250 update(s). cV=znCWLURUqtcSiokstEliGd.0;server=akswtt02300000h;cloudType=Consumer;environment=Prod_australiaeast_prod-s01-011-apac-australiaeast;migrationStage=NotStarted Some updates remain.}
{"logTime": "1219/153305", "correlationVector":"HXGuBz2OmwLlVC0JoUXTOv","action":"Initial GetUpdates", "result":"", "context":Reason: NEWLY_SUPPORTED_DATATYPE. cV=HXGuBz2OmwLlVC0JoUXTOv}
{"logTime": "1219/153306", "correlationVector":"HXGuBz2OmwLlVC0JoUXTOv.1","action":"SyncServerConnectionManagerRequest", "result":"SYNC_SERVER_OK", "context":{"environment":"Prod_australiaeast_prod-s01-011-apac-australiaeast", "migrationStage":"NotStarted", "server":"akswtt02300000p"}}
{"logTime": "1219/153306", "correlationVector":"HXGuBz2OmwLlVC0JoUXTOv.2","action":"ProcessGetUpdates", "result":"Done", "context":{"dataType":"History", "deleted":"0", "process_failed_to_decrypt":"0", "process_pending_decryption":"0", "process_success":"250", "total":"250"}}
{"logTime": "1219/153306", "correlationVector":"HXGuBz2OmwLlVC0JoUXTOv.3","action":"GetUpdates Response", "result":"Success", "context":Received 250 update(s). cV=HXGuBz2OmwLlVC0JoUXTOv.0;server=akswtt02300000p;cloudType=Consumer;environment=Prod_australiaeast_prod-s01-011-apac-australiaeast;migrationStage=NotStarted Some updates remain.}
{"logTime": "1219/153306", "correlationVector":"GFd0ICT9U1ft3v0fZntugf","action":"Initial GetUpdates", "result":"", "context":Reason: NEWLY_SUPPORTED_DATATYPE. cV=GFd0ICT9U1ft3v0fZntugf}
{"logTime": "1219/153307", "correlationVector":"GFd0ICT9U1ft3v0fZntugf.1","action":"SyncServerConnectionManagerRequest", "result":"SYNC_SERVER_OK", "context":{"environment":"Prod_australiaeast_prod-s01-011-apac-australiaeast", "migrationStage":"NotStarted", "server":"akswtt02300000h"}}
{"logTime": "1219/153307", "correlationVector":"GFd0ICT9U1ft3v0fZntugf.2","action":"ProcessGetUpdates", "result":"Done", "context":{"dataType":"History", "deleted":"0", "process_failed_to_decrypt":"0", "process_pending_decryption":"0", "process_success":"250", "total":"250"}}
{"logTime": "1219/153307", "correlationVector":"GFd0ICT9U1ft3v0fZntugf.3","action":"GetUpdates Response", "result":"Success", "context":Received 250 update(s). cV=GFd0ICT9U1ft3v0fZntugf.0;server=akswtt02300000h;cloudType=Consumer;environment=Prod_australiaeast_prod-s01-011-apac-australiaeast;migrationStage=NotStarted Some updates remain.}
{"logTime": "1219/153307", "correlationVector":"f844tkNTmrqlhWo/2tYzUQ","action":"Initial GetUpdates", "result":"", "context":Reason: NEWLY_SUPPORTED_DATATYPE. cV=f844tkNTmrqlhWo/2tYzUQ}
{"logTime": "1219/153308", "correlationVector":"f844tkNTmrqlhWo/2tYzUQ.1","action":"SyncServerConnectionManagerRequest", "result":"SYNC_SERVER_OK", "context":{"environment":"Prod_australiaeast_prod-s01-011-apac-australiaeast", "migrationStage":"NotStarted", "server":"akswtt023000006"}}
{"logTime": "1219/153308", "correlationVector":"f844tkNTmrqlhWo/2tYzUQ.2","action":"ProcessGetUpdates", "result":"Done", "context":{"dataType":"History", "deleted":"0", "process_failed_to_decrypt":"0", "process_pending_decryption":"0", "process_success":"250", "total":"250"}}
{"logTime": "1219/153308", "correlationVector":"f844tkNTmrqlhWo/2tYzUQ.3","action":"GetUpdates Response", "result":"Success", "context":Received 250 update(s). cV=f844tkNTmrqlhWo/2tYzUQ.0;server=akswtt023000006;cloudType=Consumer;environment=Prod_australiaeast_prod-s01-011-apac-australiaeast;migrationStage=NotStarted Some updates remain.}
{"logTime": "1219/153308", "correlationVector":"n7/iM6/6Mrkp2X6Ogud81X","action":"Initial GetUpdates", "result":"", "context":Reason: NEWLY_SUPPORTED_DATATYPE. cV=n7/iM6/6Mrkp2X6Ogud81X}
{"logTime": "1219/153308", "correlationVector":"n7/iM6/6Mrkp2X6Ogud81X.1","action":"SyncServerConnectionManagerRequest", "result":"SYNC_SERVER_OK", "context":{"environment":"Prod_australiaeast_prod-s01-011-apac-australiaeast", "migrationStage":"NotStarted", "server":"akswtt02300000p"}}
{"logTime": "1219/153308", "correlationVector":"n7/iM6/6Mrkp2X6Ogud81X.2","action":"ProcessGetUpdates", "result":"Done", "context":{"dataType":"History", "deleted":"0", "process_failed_to_decrypt":"0", "process_pending_decryption":"0", "process_success":"50", "total":"50"}}
{"logTime": "1219/153308", "correlationVector":"n7/iM6/6Mrkp2X6Ogud81X.3","action":"GetUpdates Response", "result":"Success", "context":Received 50 update(s). cV=n7/iM6/6Mrkp2X6Ogud81X.0;server=akswtt02300000p;cloudType=Consumer;environment=Prod_australiaeast_prod-s01-011-apac-australiaeast;migrationStage=NotStarted}
{"logTime": "1219/153308", "correlationVector":"7x2ne8/WTAmZDPZkHZLRdf","action":"Normal GetUpdate request", "result":"", "context":cV=7x2ne8/WTAmZDPZkHZLRdf
Nudged types: Preferences, Sessions, Device Info, User Consents, History
Refresh requested types: Bookmarks, Preferences, Passwords, Autofill Profiles, Autofill, Extensions, Sessions, Extension settings, History Delete Directives, Device Info, User Consents, Send Tab To Self, Web Apps, History, Saved Tab Group, WebAuthn Credentials, Collection, Edge E Drop, Edge Hub App Usage, Edge Wallet, Encryption Keys}
{"logTime": "1219/153308", "correlationVector":"7x2ne8/WTAmZDPZkHZLRdf.1","action":"SyncServerConnectionManagerRequest", "result":"SYNC_SERVER_OK", "context":{"environment":"Prod_australiaeast_prod-s01-011-apac-australiaeast", "migrationStage":"NotStarted", "server":"akswtt02300000h"}}
{"logTime": "1219/153308", "correlationVector":"7x2ne8/WTAmZDPZkHZLRdf.2","action":"GetUpdates Response", "result":"Success", "context":Received 0 update(s). cV=7x2ne8/WTAmZDPZkHZLRdf.0;server=akswtt02300000h;cloudType=Consumer;environment=Prod_australiaeast_prod-s01-011-apac-australiaeast;migrationStage=NotStarted}
{"logTime": "1219/153308", "correlationVector":"w8CDFGqOgPB0LEdN0O6EC3","action":"Commit Request", "result":"", "context":Item count: 6
Contributing types: Preferences, Sessions, Device Info, User Consents, History}
{"logTime": "1219/153309", "correlationVector":"w8CDFGqOgPB0LEdN0O6EC3.1","action":"SyncServerConnectionManagerRequest", "result":"SYNC_SERVER_OK", "context":{"environment":"Prod_australiaeast_prod-s01-011-apac-australiaeast", "migrationStage":"NotStarted", "server":"akswtt023000006"}}
{"logTime": "1219/153309", "correlationVector":"w8CDFGqOgPB0LEdN0O6EC3.2","action":"Commit Response", "result":"Success", "context":Result: Success. cV=w8CDFGqOgPB0LEdN0O6EC3.0;server=akswtt023000006;cloudType=Consumer;environment=Prod_australiaeast_prod-s01-011-apac-australiaeast;migrationStage=NotStarted}
{"logTime": "1219/153309", "correlationVector":"Dt07JttZO9u4hB44wEMHHQ","action":"Commit Request", "result":"", "context":Item count: 3
Contributing types: Sessions, History}
{"logTime": "1219/153310", "correlationVector":"Dt07JttZO9u4hB44wEMHHQ.1","action":"SyncServerConnectionManagerRequest", "result":"SYNC_SERVER_OK", "context":{"environment":"Prod_australiaeast_prod-s01-011-apac-australiaeast", "migrationStage":"NotStarted", "server":"akswtt02300000p"}}
{"logTime": "1219/153310", "correlationVector":"Dt07JttZO9u4hB44wEMHHQ.2","action":"Commit Response", "result":"Success", "context":Result: Success. cV=Dt07JttZO9u4hB44wEMHHQ.0;server=akswtt02300000p;cloudType=Consumer;environment=Prod_australiaeast_prod-s01-011-apac-australiaeast;migrationStage=NotStarted}
{"logTime": "1219/153339", "correlationVector":"Uc410uQxhL0MwLTKb9BBw4","action":"Commit Request", "result":"", "context":Item count: 7
Contributing types: Preferences, Sessions, History}
{"logTime": "1219/153339", "correlationVector":"Uc410uQxhL0MwLTKb9BBw4.1","action":"SyncServerConnectionManagerRequest", "result":"SYNC_SERVER_OK", "context":{"environment":"Prod_australiaeast_prod-s01-011-apac-australiaeast", "migrationStage":"NotStarted", "server":"akswtt023000006"}}
{"logTime": "1219/153339", "correlationVector":"Uc410uQxhL0MwLTKb9BBw4.2","action":"Commit Response", "result":"Success", "context":Result: Success. cV=Uc410uQxhL0MwLTKb9BBw4.0;server=akswtt023000006;cloudType=Consumer;environment=Prod_australiaeast_prod-s01-011-apac-australiaeast;migrationStage=NotStarted}
{"logTime": "1219/153803", "correlationVector":"tmsclYIfHdR3rQyN+4VT5Z","action":"Commit Request", "result":"", "context":Item count: 8
Contributing types: Sessions, History}
{"logTime": "1219/153804", "correlationVector":"tmsclYIfHdR3rQyN+4VT5Z.1","action":"SyncServerConnectionManagerRequest", "result":"SYNC_SERVER_OK", "context":{"environment":"Prod_australiaeast_prod-s01-011-apac-australiaeast", "migrationStage":"NotStarted", "server":"akswtt02300000o"}}
{"logTime": "1219/153804", "correlationVector":"tmsclYIfHdR3rQyN+4VT5Z.3","action":"Commit.Sessions", "result":"Success", "context":{"id":"a02f5068-5457-401d-9a60-f7328c2900f6", "isDeleted":"true", "size":"0", "version":"1766158419393"}}
{"logTime": "1219/153804", "correlationVector":"tmsclYIfHdR3rQyN+4VT5Z.2","action":"Commit Response", "result":"Success", "context":Result: Success. cV=tmsclYIfHdR3rQyN+4VT5Z.0;server=akswtt02300000o;cloudType=Consumer;environment=Prod_australiaeast_prod-s01-011-apac-australiaeast;migrationStage=NotStarted}
{"logTime": "1219/153924", "correlationVector":"3lQI0TmsV9zschelZS00vT","action":"Commit Request", "result":"", "context":Item count: 8
Contributing types: Sessions, History}
{"logTime": "1219/153925", "correlationVector":"3lQI0TmsV9zschelZS00vT.1","action":"SyncServerConnectionManagerRequest", "result":"SYNC_SERVER_OK", "context":{"environment":"Prod_australiaeast_prod-s01-011-apac-australiaeast", "migrationStage":"NotStarted", "server":"akswtt023000003"}}
{"logTime": "1219/153925", "correlationVector":"3lQI0TmsV9zschelZS00vT.2","action":"Commit Response", "result":"Success", "context":Result: Success. cV=3lQI0TmsV9zschelZS00vT.0;server=akswtt023000003;cloudType=Consumer;environment=Prod_australiaeast_prod-s01-011-apac-australiaeast;migrationStage=NotStarted}
