2025-12-20 02:17:49.147 [info] Extension host with pid 94830 started
2025-12-20 02:17:49.205 [info] ExtensionService#_doActivateExtension vscode.github-authentication, startup: false, activationEvent: 'onAuthenticationRequest:github'
2025-12-20 02:17:49.299 [info] ExtensionService#_doActivateExtension vscode.git-base, startup: true, activationEvent: '*', root cause: vscode.git
2025-12-20 02:17:49.306 [info] ExtensionService#_doActivateExtension vscode.git, startup: true, activationEvent: '*'
2025-12-20 02:17:49.352 [info] ExtensionService#_doActivateExtension vscode.github, startup: true, activationEvent: '*'
2025-12-20 02:17:49.412 [info] Eager extensions activated
2025-12-20 02:17:49.413 [info] ExtensionService#_doActivateExtension vscode.debug-auto-launch, startup: false, activationEvent: 'onStartupFinished'
2025-12-20 02:17:49.415 [info] ExtensionService#_doActivateExtension vscode.merge-conflict, startup: false, activationEvent: 'onStartupFinished'
2025-12-20 02:18:16.497 [info] Extension host terminating: renderer closed the MessagePort
2025-12-20 02:18:16.502 [info] Extension host with pid 94830 exiting with code 0
2025-12-20 02:18:17.481 [info] Extension host with pid 97882 started
2025-12-20 02:18:17.481 [info] Skipping acquiring lock for /home/shane/.config/VSCodium/User/workspaceStorage/0fe4ea43751df8df5328bc851a29c461.
2025-12-20 02:18:17.541 [info] ExtensionService#_doActivateExtension vscode.github-authentication, startup: false, activationEvent: 'onAuthenticationRequest:github'
2025-12-20 02:18:17.579 [info] ExtensionService#_doActivateExtension vscode.git-base, startup: true, activationEvent: '*'
2025-12-20 02:18:17.585 [info] ExtensionService#_doActivateExtension vscode.github, startup: true, activationEvent: '*'
2025-12-20 02:18:17.640 [info] Eager extensions activated
2025-12-20 02:18:17.641 [info] ExtensionService#_doActivateExtension vscode.debug-auto-launch, startup: false, activationEvent: 'onStartupFinished'
2025-12-20 02:18:17.642 [info] ExtensionService#_doActivateExtension vscode.merge-conflict, startup: false, activationEvent: 'onStartupFinished'
2025-12-20 02:18:20.046 [info] ExtensionService#_doActivateExtension vscode.git, startup: false, activationEvent: 'api', root cause: vscode.github
2025-12-20 02:18:20.189 [info] ExtensionService#_doActivateExtension vscode.emmet, startup: false, activationEvent: 'onLanguage'
2025-12-20 02:22:57.606 [warning] [Decorations] CAPPING events from decorations provider vscode.git 1250
2025-12-20 02:23:02.658 [warning] [Decorations] CAPPING events from decorations provider vscode.git 1250
2025-12-20 02:23:07.717 [warning] [Decorations] CAPPING events from decorations provider vscode.git 1250
2025-12-20 02:23:12.768 [warning] [Decorations] CAPPING events from decorations provider vscode.git 1250
2025-12-20 02:23:17.610 [warning] [Decorations] CAPPING events from decorations provider vscode.git 1250
2025-12-20 02:25:16.994 [info] ExtensionService#_doActivateExtension vscode.configuration-editing, startup: false, activationEvent: 'onLanguage:jsonc'
2025-12-20 02:25:17.001 [info] ExtensionService#_doActivateExtension vscode.json-language-features, startup: false, activationEvent: 'onLanguage:jsonc'
2025-12-20 02:25:17.053 [info] ExtensionService#_doActivateExtension vscode.typescript-language-features, startup: false, activationEvent: 'onLanguage:jsonc'
2025-12-20 02:26:39.701 [info] Extension host terminating: renderer closed the MessagePort
2025-12-20 02:26:39.731 [info] Extension host with pid 97882 exiting with code 0
